2021-06-04T00:00:06+00:00 CRITICAL Uncaught Error: Unknown named parameter $tasks_meta_id in C:\xampp\htdocs\KbcApp\wp-includes\class-wp-hook.php:292
Stack trace:
#0 C:\xampp\htdocs\KbcApp\wp-includes\class-wp-hook.php(316): WP_Hook->apply_filters('', Array)
#1 C:\xampp\htdocs\KbcApp\wp-includes\plugin.php(551): WP_Hook->do_action(Array)
#2 C:\xampp\htdocs\KbcApp\wp-content\plugins\woocommerce\packages\action-scheduler\classes\actions\ActionScheduler_Action.php(22): do_action_ref_array('wpforms_process...', Array)
#3 C:\xampp\htdocs\KbcApp\wp-content\plugins\woocommerce\packages\action-scheduler\classes\abstracts\ActionScheduler_Abstract_QueueRunner.php(65): ActionScheduler_Action->execute()
#4 C:\xampp\htdocs\KbcApp\wp-content\plugins\woocommerce\packages\action-scheduler\classes\ActionScheduler_QueueRunner.php(162): ActionScheduler_Abstract_QueueRunner->process_action(288, 'WP Cron')
#5 C:\xampp\htdocs\KbcApp\wp-content\plugins\woocommerce\packages\action-scheduler\classes\ActionScheduler_QueueRunner.php(132): ActionScheduler_QueueRunner->do_batch(25, 'WP Cron')
#6 C:\xampp\htdocs\KbcApp\wp-includes\class-wp-hook.php(292): ActionScheduler_QueueRunner->run('WP Cron')
#7 C:\xampp\htdocs\KbcApp\wp-includes\class-wp-hook.php(316): WP_Hook->apply_filters('', Array)
#8 C:\xampp\htdocs\KbcApp\wp-includes\plugin.php(551): WP_Hook->do_action(Array)
#9 C:\xampp\htdocs\KbcApp\wp-cron.php(138): do_action_ref_array('action_schedule...', Array)
#10 {main}
  thrown in C:\xampp\htdocs\KbcApp\wp-includes\class-wp-hook.php on line 292

2021-06-04T00:00:29+00:00 CRITICAL Uncaught Error: Unknown named parameter $tasks_meta_id in C:\xampp\htdocs\KbcApp\wp-includes\class-wp-hook.php:292
Stack trace:
#0 C:\xampp\htdocs\KbcApp\wp-includes\class-wp-hook.php(316): WP_Hook->apply_filters('', Array)
#1 C:\xampp\htdocs\KbcApp\wp-includes\plugin.php(551): WP_Hook->do_action(Array)
#2 C:\xampp\htdocs\KbcApp\wp-content\plugins\woocommerce\packages\action-scheduler\classes\actions\ActionScheduler_Action.php(22): do_action_ref_array('wpforms_admin_n...', Array)
#3 C:\xampp\htdocs\KbcApp\wp-content\plugins\woocommerce\packages\action-scheduler\classes\abstracts\ActionScheduler_Abstract_QueueRunner.php(65): ActionScheduler_Action->execute()
#4 C:\xampp\htdocs\KbcApp\wp-content\plugins\woocommerce\packages\action-scheduler\classes\ActionScheduler_QueueRunner.php(162): ActionScheduler_Abstract_QueueRunner->process_action(481, 'Async Request')
#5 C:\xampp\htdocs\KbcApp\wp-content\plugins\woocommerce\packages\action-scheduler\classes\ActionScheduler_QueueRunner.php(132): ActionScheduler_QueueRunner->do_batch(25, 'Async Request')
#6 C:\xampp\htdocs\KbcApp\wp-includes\class-wp-hook.php(292): ActionScheduler_QueueRunner->run('Async Request')
#7 C:\xampp\htdocs\KbcApp\wp-includes\class-wp-hook.php(316): WP_Hook->apply_filters('', Array)
#8 C:\xampp\htdocs\KbcApp\wp-includes\plugin.php(484): WP_Hook->do_action(Array)
#9 C:\xampp\htdocs\KbcApp\wp-content\plugins\woocommerce\packages\action-scheduler\classes\ActionScheduler_AsyncRequest_QueueRunner.php(52): do_action('action_schedule...', 'Async Request')
#10 C:\xampp\htdocs\KbcApp\wp-content\plugins\woocommerce\includes\libraries\wp-async-request.php(147): ActionScheduler_AsyncRequest_QueueRunner->handle()
#11 C:\xampp\htdocs\KbcApp\wp-includes\class-wp-hook.php(292): WP_Async_Request->maybe_handle('')
#12 C:\xampp\htdocs\KbcApp\wp-includes\class-wp-hook.php(316): WP_Hook->apply_filters('', Array)
#13 C:\xampp\htdocs\KbcApp\wp-includes\plugin.php(484): WP_Hook->do_action(Array)
#14 C:\xampp\htdocs\KbcApp\wp-admin\admin-ajax.php(187): do_action('wp_ajax_as_asyn...')
#15 {main}
  thrown in C:\xampp\htdocs\KbcApp\wp-includes\class-wp-hook.php on line 292

2021-06-04T00:01:35+00:00 CRITICAL Uncaught Error: Unknown named parameter $tasks_meta_id in C:\xampp\htdocs\KbcApp\wp-includes\class-wp-hook.php:292
Stack trace:
#0 C:\xampp\htdocs\KbcApp\wp-includes\class-wp-hook.php(316): WP_Hook->apply_filters('', Array)
#1 C:\xampp\htdocs\KbcApp\wp-includes\plugin.php(551): WP_Hook->do_action(Array)
#2 C:\xampp\htdocs\KbcApp\wp-content\plugins\woocommerce\packages\action-scheduler\classes\actions\ActionScheduler_Action.php(22): do_action_ref_array('wpforms_admin_n...', Array)
#3 C:\xampp\htdocs\KbcApp\wp-content\plugins\woocommerce\packages\action-scheduler\classes\abstracts\ActionScheduler_Abstract_QueueRunner.php(65): ActionScheduler_Action->execute()
#4 C:\xampp\htdocs\KbcApp\wp-content\plugins\woocommerce\packages\action-scheduler\classes\ActionScheduler_QueueRunner.php(162): ActionScheduler_Abstract_QueueRunner->process_action(483, 'Async Request')
#5 C:\xampp\htdocs\KbcApp\wp-content\plugins\woocommerce\packages\action-scheduler\classes\ActionScheduler_QueueRunner.php(132): ActionScheduler_QueueRunner->do_batch(25, 'Async Request')
#6 C:\xampp\htdocs\KbcApp\wp-includes\class-wp-hook.php(292): ActionScheduler_QueueRunner->run('Async Request')
#7 C:\xampp\htdocs\KbcApp\wp-includes\class-wp-hook.php(316): WP_Hook->apply_filters('', Array)
#8 C:\xampp\htdocs\KbcApp\wp-includes\plugin.php(484): WP_Hook->do_action(Array)
#9 C:\xampp\htdocs\KbcApp\wp-content\plugins\woocommerce\packages\action-scheduler\classes\ActionScheduler_AsyncRequest_QueueRunner.php(52): do_action('action_schedule...', 'Async Request')
#10 C:\xampp\htdocs\KbcApp\wp-content\plugins\woocommerce\includes\libraries\wp-async-request.php(147): ActionScheduler_AsyncRequest_QueueRunner->handle()
#11 C:\xampp\htdocs\KbcApp\wp-includes\class-wp-hook.php(292): WP_Async_Request->maybe_handle('')
#12 C:\xampp\htdocs\KbcApp\wp-includes\class-wp-hook.php(316): WP_Hook->apply_filters('', Array)
#13 C:\xampp\htdocs\KbcApp\wp-includes\plugin.php(484): WP_Hook->do_action(Array)
#14 C:\xampp\htdocs\KbcApp\wp-admin\admin-ajax.php(187): do_action('wp_ajax_as_asyn...')
#15 {main}
  thrown in C:\xampp\htdocs\KbcApp\wp-includes\class-wp-hook.php on line 292

2021-06-04T00:03:51+00:00 CRITICAL Uncaught Error: Unknown named parameter $tasks_meta_id in C:\xampp\htdocs\KbcApp\wp-includes\class-wp-hook.php:292
Stack trace:
#0 C:\xampp\htdocs\KbcApp\wp-includes\class-wp-hook.php(316): WP_Hook->apply_filters('', Array)
#1 C:\xampp\htdocs\KbcApp\wp-includes\plugin.php(551): WP_Hook->do_action(Array)
#2 C:\xampp\htdocs\KbcApp\wp-content\plugins\woocommerce\packages\action-scheduler\classes\actions\ActionScheduler_Action.php(22): do_action_ref_array('wpforms_admin_n...', Array)
#3 C:\xampp\htdocs\KbcApp\wp-content\plugins\woocommerce\packages\action-scheduler\classes\abstracts\ActionScheduler_Abstract_QueueRunner.php(65): ActionScheduler_Action->execute()
#4 C:\xampp\htdocs\KbcApp\wp-content\plugins\woocommerce\packages\action-scheduler\classes\ActionScheduler_QueueRunner.php(162): ActionScheduler_Abstract_QueueRunner->process_action(484, 'WP Cron')
#5 C:\xampp\htdocs\KbcApp\wp-content\plugins\woocommerce\packages\action-scheduler\classes\ActionScheduler_QueueRunner.php(132): ActionScheduler_QueueRunner->do_batch(25, 'WP Cron')
#6 C:\xampp\htdocs\KbcApp\wp-includes\class-wp-hook.php(292): ActionScheduler_QueueRunner->run('WP Cron')
#7 C:\xampp\htdocs\KbcApp\wp-includes\class-wp-hook.php(316): WP_Hook->apply_filters('', Array)
#8 C:\xampp\htdocs\KbcApp\wp-includes\plugin.php(551): WP_Hook->do_action(Array)
#9 C:\xampp\htdocs\KbcApp\wp-cron.php(138): do_action_ref_array('action_schedule...', Array)
#10 {main}
  thrown in C:\xampp\htdocs\KbcApp\wp-includes\class-wp-hook.php on line 292

2021-06-04T00:04:52+00:00 CRITICAL Uncaught Error: Unknown named parameter $tasks_meta_id in C:\xampp\htdocs\KbcApp\wp-includes\class-wp-hook.php:292
Stack trace:
#0 C:\xampp\htdocs\KbcApp\wp-includes\class-wp-hook.php(316): WP_Hook->apply_filters('', Array)
#1 C:\xampp\htdocs\KbcApp\wp-includes\plugin.php(551): WP_Hook->do_action(Array)
#2 C:\xampp\htdocs\KbcApp\wp-content\plugins\woocommerce\packages\action-scheduler\classes\actions\ActionScheduler_Action.php(22): do_action_ref_array('wpforms_admin_n...', Array)
#3 C:\xampp\htdocs\KbcApp\wp-content\plugins\woocommerce\packages\action-scheduler\classes\abstracts\ActionScheduler_Abstract_QueueRunner.php(65): ActionScheduler_Action->execute()
#4 C:\xampp\htdocs\KbcApp\wp-content\plugins\woocommerce\packages\action-scheduler\classes\ActionScheduler_QueueRunner.php(162): ActionScheduler_Abstract_QueueRunner->process_action(485, 'WP Cron')
#5 C:\xampp\htdocs\KbcApp\wp-content\plugins\woocommerce\packages\action-scheduler\classes\ActionScheduler_QueueRunner.php(132): ActionScheduler_QueueRunner->do_batch(25, 'WP Cron')
#6 C:\xampp\htdocs\KbcApp\wp-includes\class-wp-hook.php(292): ActionScheduler_QueueRunner->run('WP Cron')
#7 C:\xampp\htdocs\KbcApp\wp-includes\class-wp-hook.php(316): WP_Hook->apply_filters('', Array)
#8 C:\xampp\htdocs\KbcApp\wp-includes\plugin.php(551): WP_Hook->do_action(Array)
#9 C:\xampp\htdocs\KbcApp\wp-cron.php(138): do_action_ref_array('action_schedule...', Array)
#10 {main}
  thrown in C:\xampp\htdocs\KbcApp\wp-includes\class-wp-hook.php on line 292

2021-06-04T00:06:50+00:00 CRITICAL Uncaught Error: Unknown named parameter $tasks_meta_id in C:\xampp\htdocs\KbcApp\wp-includes\class-wp-hook.php:292
Stack trace:
#0 C:\xampp\htdocs\KbcApp\wp-includes\class-wp-hook.php(316): WP_Hook->apply_filters('', Array)
#1 C:\xampp\htdocs\KbcApp\wp-includes\plugin.php(551): WP_Hook->do_action(Array)
#2 C:\xampp\htdocs\KbcApp\wp-content\plugins\woocommerce\packages\action-scheduler\classes\actions\ActionScheduler_Action.php(22): do_action_ref_array('wpforms_admin_n...', Array)
#3 C:\xampp\htdocs\KbcApp\wp-content\plugins\woocommerce\packages\action-scheduler\classes\abstracts\ActionScheduler_Abstract_QueueRunner.php(65): ActionScheduler_Action->execute()
#4 C:\xampp\htdocs\KbcApp\wp-content\plugins\woocommerce\packages\action-scheduler\classes\ActionScheduler_QueueRunner.php(162): ActionScheduler_Abstract_QueueRunner->process_action(486, 'WP Cron')
#5 C:\xampp\htdocs\KbcApp\wp-content\plugins\woocommerce\packages\action-scheduler\classes\ActionScheduler_QueueRunner.php(132): ActionScheduler_QueueRunner->do_batch(25, 'WP Cron')
#6 C:\xampp\htdocs\KbcApp\wp-includes\class-wp-hook.php(292): ActionScheduler_QueueRunner->run('WP Cron')
#7 C:\xampp\htdocs\KbcApp\wp-includes\class-wp-hook.php(316): WP_Hook->apply_filters('', Array)
#8 C:\xampp\htdocs\KbcApp\wp-includes\plugin.php(551): WP_Hook->do_action(Array)
#9 C:\xampp\htdocs\KbcApp\wp-cron.php(138): do_action_ref_array('action_schedule...', Array)
#10 {main}
  thrown in C:\xampp\htdocs\KbcApp\wp-includes\class-wp-hook.php on line 292

2021-06-04T00:07:04+00:00 CRITICAL Uncaught Error: Unknown named parameter $tasks_meta_id in C:\xampp\htdocs\KbcApp\wp-includes\class-wp-hook.php:292
Stack trace:
#0 C:\xampp\htdocs\KbcApp\wp-includes\class-wp-hook.php(316): WP_Hook->apply_filters('', Array)
#1 C:\xampp\htdocs\KbcApp\wp-includes\plugin.php(551): WP_Hook->do_action(Array)
#2 C:\xampp\htdocs\KbcApp\wp-content\plugins\woocommerce\packages\action-scheduler\classes\actions\ActionScheduler_Action.php(22): do_action_ref_array('wpforms_admin_n...', Array)
#3 C:\xampp\htdocs\KbcApp\wp-content\plugins\woocommerce\packages\action-scheduler\classes\abstracts\ActionScheduler_Abstract_QueueRunner.php(65): ActionScheduler_Action->execute()
#4 C:\xampp\htdocs\KbcApp\wp-content\plugins\woocommerce\packages\action-scheduler\classes\ActionScheduler_QueueRunner.php(162): ActionScheduler_Abstract_QueueRunner->process_action(487, 'Async Request')
#5 C:\xampp\htdocs\KbcApp\wp-content\plugins\woocommerce\packages\action-scheduler\classes\ActionScheduler_QueueRunner.php(132): ActionScheduler_QueueRunner->do_batch(25, 'Async Request')
#6 C:\xampp\htdocs\KbcApp\wp-includes\class-wp-hook.php(292): ActionScheduler_QueueRunner->run('Async Request')
#7 C:\xampp\htdocs\KbcApp\wp-includes\class-wp-hook.php(316): WP_Hook->apply_filters('', Array)
#8 C:\xampp\htdocs\KbcApp\wp-includes\plugin.php(484): WP_Hook->do_action(Array)
#9 C:\xampp\htdocs\KbcApp\wp-content\plugins\woocommerce\packages\action-scheduler\classes\ActionScheduler_AsyncRequest_QueueRunner.php(52): do_action('action_schedule...', 'Async Request')
#10 C:\xampp\htdocs\KbcApp\wp-content\plugins\woocommerce\includes\libraries\wp-async-request.php(147): ActionScheduler_AsyncRequest_QueueRunner->handle()
#11 C:\xampp\htdocs\KbcApp\wp-includes\class-wp-hook.php(292): WP_Async_Request->maybe_handle('')
#12 C:\xampp\htdocs\KbcApp\wp-includes\class-wp-hook.php(316): WP_Hook->apply_filters('', Array)
#13 C:\xampp\htdocs\KbcApp\wp-includes\plugin.php(484): WP_Hook->do_action(Array)
#14 C:\xampp\htdocs\KbcApp\wp-admin\admin-ajax.php(187): do_action('wp_ajax_as_asyn...')
#15 {main}
  thrown dans C:\xampp\htdocs\KbcApp\wp-includes\class-wp-hook.php à la ligne 292

2021-06-04T00:08:08+00:00 CRITICAL Uncaught Error: Unknown named parameter $tasks_meta_id in C:\xampp\htdocs\KbcApp\wp-includes\class-wp-hook.php:292
Stack trace:
#0 C:\xampp\htdocs\KbcApp\wp-includes\class-wp-hook.php(316): WP_Hook->apply_filters('', Array)
#1 C:\xampp\htdocs\KbcApp\wp-includes\plugin.php(551): WP_Hook->do_action(Array)
#2 C:\xampp\htdocs\KbcApp\wp-content\plugins\woocommerce\packages\action-scheduler\classes\actions\ActionScheduler_Action.php(22): do_action_ref_array('wpforms_admin_n...', Array)
#3 C:\xampp\htdocs\KbcApp\wp-content\plugins\woocommerce\packages\action-scheduler\classes\abstracts\ActionScheduler_Abstract_QueueRunner.php(65): ActionScheduler_Action->execute()
#4 C:\xampp\htdocs\KbcApp\wp-content\plugins\woocommerce\packages\action-scheduler\classes\ActionScheduler_QueueRunner.php(162): ActionScheduler_Abstract_QueueRunner->process_action(488, 'Async Request')
#5 C:\xampp\htdocs\KbcApp\wp-content\plugins\woocommerce\packages\action-scheduler\classes\ActionScheduler_QueueRunner.php(132): ActionScheduler_QueueRunner->do_batch(25, 'Async Request')
#6 C:\xampp\htdocs\KbcApp\wp-includes\class-wp-hook.php(292): ActionScheduler_QueueRunner->run('Async Request')
#7 C:\xampp\htdocs\KbcApp\wp-includes\class-wp-hook.php(316): WP_Hook->apply_filters('', Array)
#8 C:\xampp\htdocs\KbcApp\wp-includes\plugin.php(484): WP_Hook->do_action(Array)
#9 C:\xampp\htdocs\KbcApp\wp-content\plugins\woocommerce\packages\action-scheduler\classes\ActionScheduler_AsyncRequest_QueueRunner.php(52): do_action('action_schedule...', 'Async Request')
#10 C:\xampp\htdocs\KbcApp\wp-content\plugins\woocommerce\includes\libraries\wp-async-request.php(147): ActionScheduler_AsyncRequest_QueueRunner->handle()
#11 C:\xampp\htdocs\KbcApp\wp-includes\class-wp-hook.php(292): WP_Async_Request->maybe_handle('')
#12 C:\xampp\htdocs\KbcApp\wp-includes\class-wp-hook.php(316): WP_Hook->apply_filters('', Array)
#13 C:\xampp\htdocs\KbcApp\wp-includes\plugin.php(484): WP_Hook->do_action(Array)
#14 C:\xampp\htdocs\KbcApp\wp-admin\admin-ajax.php(187): do_action('wp_ajax_as_asyn...')
#15 {main}
  thrown in C:\xampp\htdocs\KbcApp\wp-includes\class-wp-hook.php on line 292

2021-06-04T00:08:52+00:00 CRITICAL Uncaught Error: Unknown named parameter $tasks_meta_id in C:\xampp\htdocs\KbcApp\wp-includes\class-wp-hook.php:292
Stack trace:
#0 C:\xampp\htdocs\KbcApp\wp-includes\class-wp-hook.php(316): WP_Hook->apply_filters('', Array)
#1 C:\xampp\htdocs\KbcApp\wp-includes\plugin.php(551): WP_Hook->do_action(Array)
#2 C:\xampp\htdocs\KbcApp\wp-content\plugins\woocommerce\packages\action-scheduler\classes\actions\ActionScheduler_Action.php(22): do_action_ref_array('wpforms_admin_n...', Array)
#3 C:\xampp\htdocs\KbcApp\wp-content\plugins\woocommerce\packages\action-scheduler\classes\abstracts\ActionScheduler_Abstract_QueueRunner.php(65): ActionScheduler_Action->execute()
#4 C:\xampp\htdocs\KbcApp\wp-content\plugins\woocommerce\packages\action-scheduler\classes\ActionScheduler_QueueRunner.php(162): ActionScheduler_Abstract_QueueRunner->process_action(489, 'WP Cron')
#5 C:\xampp\htdocs\KbcApp\wp-content\plugins\woocommerce\packages\action-scheduler\classes\ActionScheduler_QueueRunner.php(132): ActionScheduler_QueueRunner->do_batch(25, 'WP Cron')
#6 C:\xampp\htdocs\KbcApp\wp-includes\class-wp-hook.php(292): ActionScheduler_QueueRunner->run('WP Cron')
#7 C:\xampp\htdocs\KbcApp\wp-includes\class-wp-hook.php(316): WP_Hook->apply_filters('', Array)
#8 C:\xampp\htdocs\KbcApp\wp-includes\plugin.php(551): WP_Hook->do_action(Array)
#9 C:\xampp\htdocs\KbcApp\wp-cron.php(138): do_action_ref_array('action_schedule...', Array)
#10 {main}
  thrown in C:\xampp\htdocs\KbcApp\wp-includes\class-wp-hook.php on line 292

2021-06-04T00:09:12+00:00 CRITICAL Uncaught Error: Unknown named parameter $tasks_meta_id in C:\xampp\htdocs\KbcApp\wp-includes\class-wp-hook.php:292
Stack trace:
#0 C:\xampp\htdocs\KbcApp\wp-includes\class-wp-hook.php(316): WP_Hook->apply_filters('', Array)
#1 C:\xampp\htdocs\KbcApp\wp-includes\plugin.php(551): WP_Hook->do_action(Array)
#2 C:\xampp\htdocs\KbcApp\wp-content\plugins\woocommerce\packages\action-scheduler\classes\actions\ActionScheduler_Action.php(22): do_action_ref_array('wpforms_admin_n...', Array)
#3 C:\xampp\htdocs\KbcApp\wp-content\plugins\woocommerce\packages\action-scheduler\classes\abstracts\ActionScheduler_Abstract_QueueRunner.php(65): ActionScheduler_Action->execute()
#4 C:\xampp\htdocs\KbcApp\wp-content\plugins\woocommerce\packages\action-scheduler\classes\ActionScheduler_QueueRunner.php(162): ActionScheduler_Abstract_QueueRunner->process_action(490, 'Async Request')
#5 C:\xampp\htdocs\KbcApp\wp-content\plugins\woocommerce\packages\action-scheduler\classes\ActionScheduler_QueueRunner.php(132): ActionScheduler_QueueRunner->do_batch(25, 'Async Request')
#6 C:\xampp\htdocs\KbcApp\wp-includes\class-wp-hook.php(292): ActionScheduler_QueueRunner->run('Async Request')
#7 C:\xampp\htdocs\KbcApp\wp-includes\class-wp-hook.php(316): WP_Hook->apply_filters('', Array)
#8 C:\xampp\htdocs\KbcApp\wp-includes\plugin.php(484): WP_Hook->do_action(Array)
#9 C:\xampp\htdocs\KbcApp\wp-content\plugins\woocommerce\packages\action-scheduler\classes\ActionScheduler_AsyncRequest_QueueRunner.php(52): do_action('action_schedule...', 'Async Request')
#10 C:\xampp\htdocs\KbcApp\wp-content\plugins\woocommerce\includes\libraries\wp-async-request.php(147): ActionScheduler_AsyncRequest_QueueRunner->handle()
#11 C:\xampp\htdocs\KbcApp\wp-includes\class-wp-hook.php(292): WP_Async_Request->maybe_handle('')
#12 C:\xampp\htdocs\KbcApp\wp-includes\class-wp-hook.php(316): WP_Hook->apply_filters('', Array)
#13 C:\xampp\htdocs\KbcApp\wp-includes\plugin.php(484): WP_Hook->do_action(Array)
#14 C:\xampp\htdocs\KbcApp\wp-admin\admin-ajax.php(187): do_action('wp_ajax_as_asyn...')
#15 {main}
  thrown in C:\xampp\htdocs\KbcApp\wp-includes\class-wp-hook.php on line 292

2021-06-04T00:09:54+00:00 CRITICAL Uncaught Error: Unknown named parameter $tasks_meta_id in C:\xampp\htdocs\KbcApp\wp-includes\class-wp-hook.php:292
Stack trace:
#0 C:\xampp\htdocs\KbcApp\wp-includes\class-wp-hook.php(316): WP_Hook->apply_filters('', Array)
#1 C:\xampp\htdocs\KbcApp\wp-includes\plugin.php(551): WP_Hook->do_action(Array)
#2 C:\xampp\htdocs\KbcApp\wp-content\plugins\woocommerce\packages\action-scheduler\classes\actions\ActionScheduler_Action.php(22): do_action_ref_array('wpforms_admin_n...', Array)
#3 C:\xampp\htdocs\KbcApp\wp-content\plugins\woocommerce\packages\action-scheduler\classes\abstracts\ActionScheduler_Abstract_QueueRunner.php(65): ActionScheduler_Action->execute()
#4 C:\xampp\htdocs\KbcApp\wp-content\plugins\woocommerce\packages\action-scheduler\classes\ActionScheduler_QueueRunner.php(162): ActionScheduler_Abstract_QueueRunner->process_action(491, 'WP Cron')
#5 C:\xampp\htdocs\KbcApp\wp-content\plugins\woocommerce\packages\action-scheduler\classes\ActionScheduler_QueueRunner.php(132): ActionScheduler_QueueRunner->do_batch(25, 'WP Cron')
#6 C:\xampp\htdocs\KbcApp\wp-includes\class-wp-hook.php(292): ActionScheduler_QueueRunner->run('WP Cron')
#7 C:\xampp\htdocs\KbcApp\wp-includes\class-wp-hook.php(316): WP_Hook->apply_filters('', Array)
#8 C:\xampp\htdocs\KbcApp\wp-includes\plugin.php(551): WP_Hook->do_action(Array)
#9 C:\xampp\htdocs\KbcApp\wp-cron.php(138): do_action_ref_array('action_schedule...', Array)
#10 {main}
  thrown in C:\xampp\htdocs\KbcApp\wp-includes\class-wp-hook.php on line 292

2021-06-04T00:11:30+00:00 CRITICAL Uncaught Error: Unknown named parameter $tasks_meta_id in C:\xampp\htdocs\KbcApp\wp-includes\class-wp-hook.php:292
Stack trace:
#0 C:\xampp\htdocs\KbcApp\wp-includes\class-wp-hook.php(316): WP_Hook->apply_filters('', Array)
#1 C:\xampp\htdocs\KbcApp\wp-includes\plugin.php(551): WP_Hook->do_action(Array)
#2 C:\xampp\htdocs\KbcApp\wp-content\plugins\woocommerce\packages\action-scheduler\classes\actions\ActionScheduler_Action.php(22): do_action_ref_array('wpforms_admin_n...', Array)
#3 C:\xampp\htdocs\KbcApp\wp-content\plugins\woocommerce\packages\action-scheduler\classes\abstracts\ActionScheduler_Abstract_QueueRunner.php(65): ActionScheduler_Action->execute()
#4 C:\xampp\htdocs\KbcApp\wp-content\plugins\woocommerce\packages\action-scheduler\classes\ActionScheduler_QueueRunner.php(162): ActionScheduler_Abstract_QueueRunner->process_action(492, 'Async Request')
#5 C:\xampp\htdocs\KbcApp\wp-content\plugins\woocommerce\packages\action-scheduler\classes\ActionScheduler_QueueRunner.php(132): ActionScheduler_QueueRunner->do_batch(25, 'Async Request')
#6 C:\xampp\htdocs\KbcApp\wp-includes\class-wp-hook.php(292): ActionScheduler_QueueRunner->run('Async Request')
#7 C:\xampp\htdocs\KbcApp\wp-includes\class-wp-hook.php(316): WP_Hook->apply_filters('', Array)
#8 C:\xampp\htdocs\KbcApp\wp-includes\plugin.php(484): WP_Hook->do_action(Array)
#9 C:\xampp\htdocs\KbcApp\wp-content\plugins\woocommerce\packages\action-scheduler\classes\ActionScheduler_AsyncRequest_QueueRunner.php(52): do_action('action_schedule...', 'Async Request')
#10 C:\xampp\htdocs\KbcApp\wp-content\plugins\woocommerce\includes\libraries\wp-async-request.php(147): ActionScheduler_AsyncRequest_QueueRunner->handle()
#11 C:\xampp\htdocs\KbcApp\wp-includes\class-wp-hook.php(292): WP_Async_Request->maybe_handle('')
#12 C:\xampp\htdocs\KbcApp\wp-includes\class-wp-hook.php(316): WP_Hook->apply_filters('', Array)
#13 C:\xampp\htdocs\KbcApp\wp-includes\plugin.php(484): WP_Hook->do_action(Array)
#14 C:\xampp\htdocs\KbcApp\wp-admin\admin-ajax.php(187): do_action('wp_ajax_as_asyn...')
#15 {main}
  thrown in C:\xampp\htdocs\KbcApp\wp-includes\class-wp-hook.php on line 292

2021-06-04T00:11:39+00:00 CRITICAL Uncaught Error: Unknown named parameter $tasks_meta_id in C:\xampp\htdocs\KbcApp\wp-includes\class-wp-hook.php:292
Stack trace:
#0 C:\xampp\htdocs\KbcApp\wp-includes\class-wp-hook.php(316): WP_Hook->apply_filters('', Array)
#1 C:\xampp\htdocs\KbcApp\wp-includes\plugin.php(551): WP_Hook->do_action(Array)
#2 C:\xampp\htdocs\KbcApp\wp-content\plugins\woocommerce\packages\action-scheduler\classes\actions\ActionScheduler_Action.php(22): do_action_ref_array('wpforms_admin_n...', Array)
#3 C:\xampp\htdocs\KbcApp\wp-content\plugins\woocommerce\packages\action-scheduler\classes\abstracts\ActionScheduler_Abstract_QueueRunner.php(65): ActionScheduler_Action->execute()
#4 C:\xampp\htdocs\KbcApp\wp-content\plugins\woocommerce\packages\action-scheduler\classes\ActionScheduler_QueueRunner.php(162): ActionScheduler_Abstract_QueueRunner->process_action(493, 'Async Request')
#5 C:\xampp\htdocs\KbcApp\wp-content\plugins\woocommerce\packages\action-scheduler\classes\ActionScheduler_QueueRunner.php(132): ActionScheduler_QueueRunner->do_batch(25, 'Async Request')
#6 C:\xampp\htdocs\KbcApp\wp-includes\class-wp-hook.php(292): ActionScheduler_QueueRunner->run('Async Request')
#7 C:\xampp\htdocs\KbcApp\wp-includes\class-wp-hook.php(316): WP_Hook->apply_filters('', Array)
#8 C:\xampp\htdocs\KbcApp\wp-includes\plugin.php(484): WP_Hook->do_action(Array)
#9 C:\xampp\htdocs\KbcApp\wp-content\plugins\woocommerce\packages\action-scheduler\classes\ActionScheduler_AsyncRequest_QueueRunner.php(52): do_action('action_schedule...', 'Async Request')
#10 C:\xampp\htdocs\KbcApp\wp-content\plugins\woocommerce\includes\libraries\wp-async-request.php(147): ActionScheduler_AsyncRequest_QueueRunner->handle()
#11 C:\xampp\htdocs\KbcApp\wp-includes\class-wp-hook.php(292): WP_Async_Request->maybe_handle('')
#12 C:\xampp\htdocs\KbcApp\wp-includes\class-wp-hook.php(316): WP_Hook->apply_filters('', Array)
#13 C:\xampp\htdocs\KbcApp\wp-includes\plugin.php(484): WP_Hook->do_action(Array)
#14 C:\xampp\htdocs\KbcApp\wp-admin\admin-ajax.php(187): do_action('wp_ajax_as_asyn...')
#15 {main}
  thrown dans C:\xampp\htdocs\KbcApp\wp-includes\class-wp-hook.php à la ligne 292

2021-06-04T00:12:43+00:00 CRITICAL Uncaught Error: Unknown named parameter $tasks_meta_id in C:\xampp\htdocs\KbcApp\wp-includes\class-wp-hook.php:292
Stack trace:
#0 C:\xampp\htdocs\KbcApp\wp-includes\class-wp-hook.php(316): WP_Hook->apply_filters('', Array)
#1 C:\xampp\htdocs\KbcApp\wp-includes\plugin.php(551): WP_Hook->do_action(Array)
#2 C:\xampp\htdocs\KbcApp\wp-content\plugins\woocommerce\packages\action-scheduler\classes\actions\ActionScheduler_Action.php(22): do_action_ref_array('wpforms_admin_n...', Array)
#3 C:\xampp\htdocs\KbcApp\wp-content\plugins\woocommerce\packages\action-scheduler\classes\abstracts\ActionScheduler_Abstract_QueueRunner.php(65): ActionScheduler_Action->execute()
#4 C:\xampp\htdocs\KbcApp\wp-content\plugins\woocommerce\packages\action-scheduler\classes\ActionScheduler_QueueRunner.php(162): ActionScheduler_Abstract_QueueRunner->process_action(494, 'Async Request')
#5 C:\xampp\htdocs\KbcApp\wp-content\plugins\woocommerce\packages\action-scheduler\classes\ActionScheduler_QueueRunner.php(132): ActionScheduler_QueueRunner->do_batch(25, 'Async Request')
#6 C:\xampp\htdocs\KbcApp\wp-includes\class-wp-hook.php(292): ActionScheduler_QueueRunner->run('Async Request')
#7 C:\xampp\htdocs\KbcApp\wp-includes\class-wp-hook.php(316): WP_Hook->apply_filters('', Array)
#8 C:\xampp\htdocs\KbcApp\wp-includes\plugin.php(484): WP_Hook->do_action(Array)
#9 C:\xampp\htdocs\KbcApp\wp-content\plugins\woocommerce\packages\action-scheduler\classes\ActionScheduler_AsyncRequest_QueueRunner.php(52): do_action('action_schedule...', 'Async Request')
#10 C:\xampp\htdocs\KbcApp\wp-content\plugins\woocommerce\includes\libraries\wp-async-request.php(147): ActionScheduler_AsyncRequest_QueueRunner->handle()
#11 C:\xampp\htdocs\KbcApp\wp-includes\class-wp-hook.php(292): WP_Async_Request->maybe_handle('')
#12 C:\xampp\htdocs\KbcApp\wp-includes\class-wp-hook.php(316): WP_Hook->apply_filters('', Array)
#13 C:\xampp\htdocs\KbcApp\wp-includes\plugin.php(484): WP_Hook->do_action(Array)
#14 C:\xampp\htdocs\KbcApp\wp-admin\admin-ajax.php(187): do_action('wp_ajax_as_asyn...')
#15 {main}
  thrown in C:\xampp\htdocs\KbcApp\wp-includes\class-wp-hook.php on line 292

2021-06-04T00:13:48+00:00 CRITICAL Uncaught Error: Unknown named parameter $tasks_meta_id in C:\xampp\htdocs\KbcApp\wp-includes\class-wp-hook.php:292
Stack trace:
#0 C:\xampp\htdocs\KbcApp\wp-includes\class-wp-hook.php(316): WP_Hook->apply_filters('', Array)
#1 C:\xampp\htdocs\KbcApp\wp-includes\plugin.php(551): WP_Hook->do_action(Array)
#2 C:\xampp\htdocs\KbcApp\wp-content\plugins\woocommerce\packages\action-scheduler\classes\actions\ActionScheduler_Action.php(22): do_action_ref_array('wpforms_admin_n...', Array)
#3 C:\xampp\htdocs\KbcApp\wp-content\plugins\woocommerce\packages\action-scheduler\classes\abstracts\ActionScheduler_Abstract_QueueRunner.php(65): ActionScheduler_Action->execute()
#4 C:\xampp\htdocs\KbcApp\wp-content\plugins\woocommerce\packages\action-scheduler\classes\ActionScheduler_QueueRunner.php(162): ActionScheduler_Abstract_QueueRunner->process_action(495, 'Async Request')
#5 C:\xampp\htdocs\KbcApp\wp-content\plugins\woocommerce\packages\action-scheduler\classes\ActionScheduler_QueueRunner.php(132): ActionScheduler_QueueRunner->do_batch(25, 'Async Request')
#6 C:\xampp\htdocs\KbcApp\wp-includes\class-wp-hook.php(292): ActionScheduler_QueueRunner->run('Async Request')
#7 C:\xampp\htdocs\KbcApp\wp-includes\class-wp-hook.php(316): WP_Hook->apply_filters('', Array)
#8 C:\xampp\htdocs\KbcApp\wp-includes\plugin.php(484): WP_Hook->do_action(Array)
#9 C:\xampp\htdocs\KbcApp\wp-content\plugins\woocommerce\packages\action-scheduler\classes\ActionScheduler_AsyncRequest_QueueRunner.php(52): do_action('action_schedule...', 'Async Request')
#10 C:\xampp\htdocs\KbcApp\wp-content\plugins\woocommerce\includes\libraries\wp-async-request.php(147): ActionScheduler_AsyncRequest_QueueRunner->handle()
#11 C:\xampp\htdocs\KbcApp\wp-includes\class-wp-hook.php(292): WP_Async_Request->maybe_handle('')
#12 C:\xampp\htdocs\KbcApp\wp-includes\class-wp-hook.php(316): WP_Hook->apply_filters('', Array)
#13 C:\xampp\htdocs\KbcApp\wp-includes\plugin.php(484): WP_Hook->do_action(Array)
#14 C:\xampp\htdocs\KbcApp\wp-admin\admin-ajax.php(187): do_action('wp_ajax_as_asyn...')
#15 {main}
  thrown in C:\xampp\htdocs\KbcApp\wp-includes\class-wp-hook.php on line 292

2021-06-04T00:17:55+00:00 CRITICAL Uncaught Error: Unknown named parameter $tasks_meta_id in C:\xampp\htdocs\KbcApp\wp-includes\class-wp-hook.php:292
Stack trace:
#0 C:\xampp\htdocs\KbcApp\wp-includes\class-wp-hook.php(316): WP_Hook->apply_filters('', Array)
#1 C:\xampp\htdocs\KbcApp\wp-includes\plugin.php(551): WP_Hook->do_action(Array)
#2 C:\xampp\htdocs\KbcApp\wp-content\plugins\woocommerce\packages\action-scheduler\classes\actions\ActionScheduler_Action.php(22): do_action_ref_array('wpforms_admin_n...', Array)
#3 C:\xampp\htdocs\KbcApp\wp-content\plugins\woocommerce\packages\action-scheduler\classes\abstracts\ActionScheduler_Abstract_QueueRunner.php(65): ActionScheduler_Action->execute()
#4 C:\xampp\htdocs\KbcApp\wp-content\plugins\woocommerce\packages\action-scheduler\classes\ActionScheduler_QueueRunner.php(162): ActionScheduler_Abstract_QueueRunner->process_action(496, 'WP Cron')
#5 C:\xampp\htdocs\KbcApp\wp-content\plugins\woocommerce\packages\action-scheduler\classes\ActionScheduler_QueueRunner.php(132): ActionScheduler_QueueRunner->do_batch(25, 'WP Cron')
#6 C:\xampp\htdocs\KbcApp\wp-includes\class-wp-hook.php(292): ActionScheduler_QueueRunner->run('WP Cron')
#7 C:\xampp\htdocs\KbcApp\wp-includes\class-wp-hook.php(316): WP_Hook->apply_filters('', Array)
#8 C:\xampp\htdocs\KbcApp\wp-includes\plugin.php(551): WP_Hook->do_action(Array)
#9 C:\xampp\htdocs\KbcApp\wp-cron.php(138): do_action_ref_array('action_schedule...', Array)
#10 {main}
  thrown in C:\xampp\htdocs\KbcApp\wp-includes\class-wp-hook.php on line 292

2021-06-04T00:19:00+00:00 CRITICAL Uncaught Error: Unknown named parameter $tasks_meta_id in C:\xampp\htdocs\KbcApp\wp-includes\class-wp-hook.php:292
Stack trace:
#0 C:\xampp\htdocs\KbcApp\wp-includes\class-wp-hook.php(316): WP_Hook->apply_filters('', Array)
#1 C:\xampp\htdocs\KbcApp\wp-includes\plugin.php(551): WP_Hook->do_action(Array)
#2 C:\xampp\htdocs\KbcApp\wp-content\plugins\woocommerce\packages\action-scheduler\classes\actions\ActionScheduler_Action.php(22): do_action_ref_array('wpforms_admin_n...', Array)
#3 C:\xampp\htdocs\KbcApp\wp-content\plugins\woocommerce\packages\action-scheduler\classes\abstracts\ActionScheduler_Abstract_QueueRunner.php(65): ActionScheduler_Action->execute()
#4 C:\xampp\htdocs\KbcApp\wp-content\plugins\woocommerce\packages\action-scheduler\classes\ActionScheduler_QueueRunner.php(162): ActionScheduler_Abstract_QueueRunner->process_action(497, 'WP Cron')
#5 C:\xampp\htdocs\KbcApp\wp-content\plugins\woocommerce\packages\action-scheduler\classes\ActionScheduler_QueueRunner.php(132): ActionScheduler_QueueRunner->do_batch(25, 'WP Cron')
#6 C:\xampp\htdocs\KbcApp\wp-includes\class-wp-hook.php(292): ActionScheduler_QueueRunner->run('WP Cron')
#7 C:\xampp\htdocs\KbcApp\wp-includes\class-wp-hook.php(316): WP_Hook->apply_filters('', Array)
#8 C:\xampp\htdocs\KbcApp\wp-includes\plugin.php(551): WP_Hook->do_action(Array)
#9 C:\xampp\htdocs\KbcApp\wp-cron.php(138): do_action_ref_array('action_schedule...', Array)
#10 {main}
  thrown in C:\xampp\htdocs\KbcApp\wp-includes\class-wp-hook.php on line 292

2021-06-04T00:21:29+00:00 CRITICAL Uncaught Error: Unknown named parameter $tasks_meta_id in C:\xampp\htdocs\KbcApp\wp-includes\class-wp-hook.php:292
Stack trace:
#0 C:\xampp\htdocs\KbcApp\wp-includes\class-wp-hook.php(316): WP_Hook->apply_filters('', Array)
#1 C:\xampp\htdocs\KbcApp\wp-includes\plugin.php(551): WP_Hook->do_action(Array)
#2 C:\xampp\htdocs\KbcApp\wp-content\plugins\woocommerce\packages\action-scheduler\classes\actions\ActionScheduler_Action.php(22): do_action_ref_array('wpforms_admin_n...', Array)
#3 C:\xampp\htdocs\KbcApp\wp-content\plugins\woocommerce\packages\action-scheduler\classes\abstracts\ActionScheduler_Abstract_QueueRunner.php(65): ActionScheduler_Action->execute()
#4 C:\xampp\htdocs\KbcApp\wp-content\plugins\woocommerce\packages\action-scheduler\classes\ActionScheduler_QueueRunner.php(162): ActionScheduler_Abstract_QueueRunner->process_action(498, 'Async Request')
#5 C:\xampp\htdocs\KbcApp\wp-content\plugins\woocommerce\packages\action-scheduler\classes\ActionScheduler_QueueRunner.php(132): ActionScheduler_QueueRunner->do_batch(25, 'Async Request')
#6 C:\xampp\htdocs\KbcApp\wp-includes\class-wp-hook.php(292): ActionScheduler_QueueRunner->run('Async Request')
#7 C:\xampp\htdocs\KbcApp\wp-includes\class-wp-hook.php(316): WP_Hook->apply_filters('', Array)
#8 C:\xampp\htdocs\KbcApp\wp-includes\plugin.php(484): WP_Hook->do_action(Array)
#9 C:\xampp\htdocs\KbcApp\wp-content\plugins\woocommerce\packages\action-scheduler\classes\ActionScheduler_AsyncRequest_QueueRunner.php(52): do_action('action_schedule...', 'Async Request')
#10 C:\xampp\htdocs\KbcApp\wp-content\plugins\woocommerce\includes\libraries\wp-async-request.php(147): ActionScheduler_AsyncRequest_QueueRunner->handle()
#11 C:\xampp\htdocs\KbcApp\wp-includes\class-wp-hook.php(292): WP_Async_Request->maybe_handle('')
#12 C:\xampp\htdocs\KbcApp\wp-includes\class-wp-hook.php(316): WP_Hook->apply_filters('', Array)
#13 C:\xampp\htdocs\KbcApp\wp-includes\plugin.php(484): WP_Hook->do_action(Array)
#14 C:\xampp\htdocs\KbcApp\wp-admin\admin-ajax.php(187): do_action('wp_ajax_as_asyn...')
#15 {main}
  thrown in C:\xampp\htdocs\KbcApp\wp-includes\class-wp-hook.php in Zeile 292

2021-06-04T00:22:33+00:00 CRITICAL Uncaught Error: Unknown named parameter $tasks_meta_id in C:\xampp\htdocs\KbcApp\wp-includes\class-wp-hook.php:292
Stack trace:
#0 C:\xampp\htdocs\KbcApp\wp-includes\class-wp-hook.php(316): WP_Hook->apply_filters('', Array)
#1 C:\xampp\htdocs\KbcApp\wp-includes\plugin.php(551): WP_Hook->do_action(Array)
#2 C:\xampp\htdocs\KbcApp\wp-content\plugins\woocommerce\packages\action-scheduler\classes\actions\ActionScheduler_Action.php(22): do_action_ref_array('wpforms_admin_n...', Array)
#3 C:\xampp\htdocs\KbcApp\wp-content\plugins\woocommerce\packages\action-scheduler\classes\abstracts\ActionScheduler_Abstract_QueueRunner.php(65): ActionScheduler_Action->execute()
#4 C:\xampp\htdocs\KbcApp\wp-content\plugins\woocommerce\packages\action-scheduler\classes\ActionScheduler_QueueRunner.php(162): ActionScheduler_Abstract_QueueRunner->process_action(499, 'Async Request')
#5 C:\xampp\htdocs\KbcApp\wp-content\plugins\woocommerce\packages\action-scheduler\classes\ActionScheduler_QueueRunner.php(132): ActionScheduler_QueueRunner->do_batch(25, 'Async Request')
#6 C:\xampp\htdocs\KbcApp\wp-includes\class-wp-hook.php(292): ActionScheduler_QueueRunner->run('Async Request')
#7 C:\xampp\htdocs\KbcApp\wp-includes\class-wp-hook.php(316): WP_Hook->apply_filters('', Array)
#8 C:\xampp\htdocs\KbcApp\wp-includes\plugin.php(484): WP_Hook->do_action(Array)
#9 C:\xampp\htdocs\KbcApp\wp-content\plugins\woocommerce\packages\action-scheduler\classes\ActionScheduler_AsyncRequest_QueueRunner.php(52): do_action('action_schedule...', 'Async Request')
#10 C:\xampp\htdocs\KbcApp\wp-content\plugins\woocommerce\includes\libraries\wp-async-request.php(147): ActionScheduler_AsyncRequest_QueueRunner->handle()
#11 C:\xampp\htdocs\KbcApp\wp-includes\class-wp-hook.php(292): WP_Async_Request->maybe_handle('')
#12 C:\xampp\htdocs\KbcApp\wp-includes\class-wp-hook.php(316): WP_Hook->apply_filters('', Array)
#13 C:\xampp\htdocs\KbcApp\wp-includes\plugin.php(484): WP_Hook->do_action(Array)
#14 C:\xampp\htdocs\KbcApp\wp-admin\admin-ajax.php(187): do_action('wp_ajax_as_asyn...')
#15 {main}
  thrown in C:\xampp\htdocs\KbcApp\wp-includes\class-wp-hook.php on line 292

2021-06-04T00:26:51+00:00 CRITICAL Uncaught Error: Unknown named parameter $tasks_meta_id in C:\xampp\htdocs\KbcApp\wp-includes\class-wp-hook.php:292
Stack trace:
#0 C:\xampp\htdocs\KbcApp\wp-includes\class-wp-hook.php(316): WP_Hook->apply_filters('', Array)
#1 C:\xampp\htdocs\KbcApp\wp-includes\plugin.php(551): WP_Hook->do_action(Array)
#2 C:\xampp\htdocs\KbcApp\wp-content\plugins\woocommerce\packages\action-scheduler\classes\actions\ActionScheduler_Action.php(22): do_action_ref_array('wpforms_admin_n...', Array)
#3 C:\xampp\htdocs\KbcApp\wp-content\plugins\woocommerce\packages\action-scheduler\classes\abstracts\ActionScheduler_Abstract_QueueRunner.php(65): ActionScheduler_Action->execute()
#4 C:\xampp\htdocs\KbcApp\wp-content\plugins\woocommerce\packages\action-scheduler\classes\ActionScheduler_QueueRunner.php(162): ActionScheduler_Abstract_QueueRunner->process_action(500, 'WP Cron')
#5 C:\xampp\htdocs\KbcApp\wp-content\plugins\woocommerce\packages\action-scheduler\classes\ActionScheduler_QueueRunner.php(132): ActionScheduler_QueueRunner->do_batch(25, 'WP Cron')
#6 C:\xampp\htdocs\KbcApp\wp-includes\class-wp-hook.php(292): ActionScheduler_QueueRunner->run('WP Cron')
#7 C:\xampp\htdocs\KbcApp\wp-includes\class-wp-hook.php(316): WP_Hook->apply_filters('', Array)
#8 C:\xampp\htdocs\KbcApp\wp-includes\plugin.php(551): WP_Hook->do_action(Array)
#9 C:\xampp\htdocs\KbcApp\wp-cron.php(138): do_action_ref_array('action_schedule...', Array)
#10 {main}
  thrown in C:\xampp\htdocs\KbcApp\wp-includes\class-wp-hook.php on line 292

2021-06-04T00:27:52+00:00 CRITICAL Uncaught Error: Unknown named parameter $tasks_meta_id in C:\xampp\htdocs\KbcApp\wp-includes\class-wp-hook.php:292
Stack trace:
#0 C:\xampp\htdocs\KbcApp\wp-includes\class-wp-hook.php(316): WP_Hook->apply_filters('', Array)
#1 C:\xampp\htdocs\KbcApp\wp-includes\plugin.php(551): WP_Hook->do_action(Array)
#2 C:\xampp\htdocs\KbcApp\wp-content\plugins\woocommerce\packages\action-scheduler\classes\actions\ActionScheduler_Action.php(22): do_action_ref_array('wpforms_admin_n...', Array)
#3 C:\xampp\htdocs\KbcApp\wp-content\plugins\woocommerce\packages\action-scheduler\classes\abstracts\ActionScheduler_Abstract_QueueRunner.php(65): ActionScheduler_Action->execute()
#4 C:\xampp\htdocs\KbcApp\wp-content\plugins\woocommerce\packages\action-scheduler\classes\ActionScheduler_QueueRunner.php(162): ActionScheduler_Abstract_QueueRunner->process_action(501, 'WP Cron')
#5 C:\xampp\htdocs\KbcApp\wp-content\plugins\woocommerce\packages\action-scheduler\classes\ActionScheduler_QueueRunner.php(132): ActionScheduler_QueueRunner->do_batch(25, 'WP Cron')
#6 C:\xampp\htdocs\KbcApp\wp-includes\class-wp-hook.php(292): ActionScheduler_QueueRunner->run('WP Cron')
#7 C:\xampp\htdocs\KbcApp\wp-includes\class-wp-hook.php(316): WP_Hook->apply_filters('', Array)
#8 C:\xampp\htdocs\KbcApp\wp-includes\plugin.php(551): WP_Hook->do_action(Array)
#9 C:\xampp\htdocs\KbcApp\wp-cron.php(138): do_action_ref_array('action_schedule...', Array)
#10 {main}
  thrown in C:\xampp\htdocs\KbcApp\wp-includes\class-wp-hook.php on line 292

2021-06-04T00:28:56+00:00 CRITICAL Uncaught Error: Unknown named parameter $tasks_meta_id in C:\xampp\htdocs\KbcApp\wp-includes\class-wp-hook.php:292
Stack trace:
#0 C:\xampp\htdocs\KbcApp\wp-includes\class-wp-hook.php(316): WP_Hook->apply_filters('', Array)
#1 C:\xampp\htdocs\KbcApp\wp-includes\plugin.php(551): WP_Hook->do_action(Array)
#2 C:\xampp\htdocs\KbcApp\wp-content\plugins\woocommerce\packages\action-scheduler\classes\actions\ActionScheduler_Action.php(22): do_action_ref_array('wpforms_admin_n...', Array)
#3 C:\xampp\htdocs\KbcApp\wp-content\plugins\woocommerce\packages\action-scheduler\classes\abstracts\ActionScheduler_Abstract_QueueRunner.php(65): ActionScheduler_Action->execute()
#4 C:\xampp\htdocs\KbcApp\wp-content\plugins\woocommerce\packages\action-scheduler\classes\ActionScheduler_QueueRunner.php(162): ActionScheduler_Abstract_QueueRunner->process_action(502, 'WP Cron')
#5 C:\xampp\htdocs\KbcApp\wp-content\plugins\woocommerce\packages\action-scheduler\classes\ActionScheduler_QueueRunner.php(132): ActionScheduler_QueueRunner->do_batch(25, 'WP Cron')
#6 C:\xampp\htdocs\KbcApp\wp-includes\class-wp-hook.php(292): ActionScheduler_QueueRunner->run('WP Cron')
#7 C:\xampp\htdocs\KbcApp\wp-includes\class-wp-hook.php(316): WP_Hook->apply_filters('', Array)
#8 C:\xampp\htdocs\KbcApp\wp-includes\plugin.php(551): WP_Hook->do_action(Array)
#9 C:\xampp\htdocs\KbcApp\wp-cron.php(138): do_action_ref_array('action_schedule...', Array)
#10 {main}
  thrown in C:\xampp\htdocs\KbcApp\wp-includes\class-wp-hook.php on line 292

2021-06-04T00:29:57+00:00 CRITICAL Uncaught Error: Unknown named parameter $tasks_meta_id in C:\xampp\htdocs\KbcApp\wp-includes\class-wp-hook.php:292
Stack trace:
#0 C:\xampp\htdocs\KbcApp\wp-includes\class-wp-hook.php(316): WP_Hook->apply_filters('', Array)
#1 C:\xampp\htdocs\KbcApp\wp-includes\plugin.php(551): WP_Hook->do_action(Array)
#2 C:\xampp\htdocs\KbcApp\wp-content\plugins\woocommerce\packages\action-scheduler\classes\actions\ActionScheduler_Action.php(22): do_action_ref_array('wpforms_admin_n...', Array)
#3 C:\xampp\htdocs\KbcApp\wp-content\plugins\woocommerce\packages\action-scheduler\classes\abstracts\ActionScheduler_Abstract_QueueRunner.php(65): ActionScheduler_Action->execute()
#4 C:\xampp\htdocs\KbcApp\wp-content\plugins\woocommerce\packages\action-scheduler\classes\ActionScheduler_QueueRunner.php(162): ActionScheduler_Abstract_QueueRunner->process_action(503, 'WP Cron')
#5 C:\xampp\htdocs\KbcApp\wp-content\plugins\woocommerce\packages\action-scheduler\classes\ActionScheduler_QueueRunner.php(132): ActionScheduler_QueueRunner->do_batch(25, 'WP Cron')
#6 C:\xampp\htdocs\KbcApp\wp-includes\class-wp-hook.php(292): ActionScheduler_QueueRunner->run('WP Cron')
#7 C:\xampp\htdocs\KbcApp\wp-includes\class-wp-hook.php(316): WP_Hook->apply_filters('', Array)
#8 C:\xampp\htdocs\KbcApp\wp-includes\plugin.php(551): WP_Hook->do_action(Array)
#9 C:\xampp\htdocs\KbcApp\wp-cron.php(138): do_action_ref_array('action_schedule...', Array)
#10 {main}
  thrown in C:\xampp\htdocs\KbcApp\wp-includes\class-wp-hook.php on line 292

2021-06-04T00:30:58+00:00 CRITICAL Uncaught Error: Unknown named parameter $tasks_meta_id in C:\xampp\htdocs\KbcApp\wp-includes\class-wp-hook.php:292
Stack trace:
#0 C:\xampp\htdocs\KbcApp\wp-includes\class-wp-hook.php(316): WP_Hook->apply_filters('', Array)
#1 C:\xampp\htdocs\KbcApp\wp-includes\plugin.php(551): WP_Hook->do_action(Array)
#2 C:\xampp\htdocs\KbcApp\wp-content\plugins\woocommerce\packages\action-scheduler\classes\actions\ActionScheduler_Action.php(22): do_action_ref_array('wpforms_admin_n...', Array)
#3 C:\xampp\htdocs\KbcApp\wp-content\plugins\woocommerce\packages\action-scheduler\classes\abstracts\ActionScheduler_Abstract_QueueRunner.php(65): ActionScheduler_Action->execute()
#4 C:\xampp\htdocs\KbcApp\wp-content\plugins\woocommerce\packages\action-scheduler\classes\ActionScheduler_QueueRunner.php(162): ActionScheduler_Abstract_QueueRunner->process_action(504, 'WP Cron')
#5 C:\xampp\htdocs\KbcApp\wp-content\plugins\woocommerce\packages\action-scheduler\classes\ActionScheduler_QueueRunner.php(132): ActionScheduler_QueueRunner->do_batch(25, 'WP Cron')
#6 C:\xampp\htdocs\KbcApp\wp-includes\class-wp-hook.php(292): ActionScheduler_QueueRunner->run('WP Cron')
#7 C:\xampp\htdocs\KbcApp\wp-includes\class-wp-hook.php(316): WP_Hook->apply_filters('', Array)
#8 C:\xampp\htdocs\KbcApp\wp-includes\plugin.php(551): WP_Hook->do_action(Array)
#9 C:\xampp\htdocs\KbcApp\wp-cron.php(138): do_action_ref_array('action_schedule...', Array)
#10 {main}
  thrown in C:\xampp\htdocs\KbcApp\wp-includes\class-wp-hook.php on line 292

2021-06-04T00:32:13+00:00 CRITICAL Uncaught Error: Unknown named parameter $tasks_meta_id in C:\xampp\htdocs\KbcApp\wp-includes\class-wp-hook.php:292
Stack trace:
#0 C:\xampp\htdocs\KbcApp\wp-includes\class-wp-hook.php(316): WP_Hook->apply_filters('', Array)
#1 C:\xampp\htdocs\KbcApp\wp-includes\plugin.php(551): WP_Hook->do_action(Array)
#2 C:\xampp\htdocs\KbcApp\wp-content\plugins\woocommerce\packages\action-scheduler\classes\actions\ActionScheduler_Action.php(22): do_action_ref_array('wpforms_admin_n...', Array)
#3 C:\xampp\htdocs\KbcApp\wp-content\plugins\woocommerce\packages\action-scheduler\classes\abstracts\ActionScheduler_Abstract_QueueRunner.php(65): ActionScheduler_Action->execute()
#4 C:\xampp\htdocs\KbcApp\wp-content\plugins\woocommerce\packages\action-scheduler\classes\ActionScheduler_QueueRunner.php(162): ActionScheduler_Abstract_QueueRunner->process_action(505, 'WP Cron')
#5 C:\xampp\htdocs\KbcApp\wp-content\plugins\woocommerce\packages\action-scheduler\classes\ActionScheduler_QueueRunner.php(132): ActionScheduler_QueueRunner->do_batch(25, 'WP Cron')
#6 C:\xampp\htdocs\KbcApp\wp-includes\class-wp-hook.php(292): ActionScheduler_QueueRunner->run('WP Cron')
#7 C:\xampp\htdocs\KbcApp\wp-includes\class-wp-hook.php(316): WP_Hook->apply_filters('', Array)
#8 C:\xampp\htdocs\KbcApp\wp-includes\plugin.php(551): WP_Hook->do_action(Array)
#9 C:\xampp\htdocs\KbcApp\wp-cron.php(138): do_action_ref_array('action_schedule...', Array)
#10 {main}
  thrown in C:\xampp\htdocs\KbcApp\wp-includes\class-wp-hook.php on line 292

2021-06-04T00:32:16+00:00 CRITICAL Uncaught Error: Unknown named parameter $tasks_meta_id in C:\xampp\htdocs\KbcApp\wp-includes\class-wp-hook.php:292
Stack trace:
#0 C:\xampp\htdocs\KbcApp\wp-includes\class-wp-hook.php(316): WP_Hook->apply_filters('', Array)
#1 C:\xampp\htdocs\KbcApp\wp-includes\plugin.php(551): WP_Hook->do_action(Array)
#2 C:\xampp\htdocs\KbcApp\wp-content\plugins\woocommerce\packages\action-scheduler\classes\actions\ActionScheduler_Action.php(22): do_action_ref_array('wpforms_admin_n...', Array)
#3 C:\xampp\htdocs\KbcApp\wp-content\plugins\woocommerce\packages\action-scheduler\classes\abstracts\ActionScheduler_Abstract_QueueRunner.php(65): ActionScheduler_Action->execute()
#4 C:\xampp\htdocs\KbcApp\wp-content\plugins\woocommerce\packages\action-scheduler\classes\ActionScheduler_QueueRunner.php(162): ActionScheduler_Abstract_QueueRunner->process_action(506, 'Async Request')
#5 C:\xampp\htdocs\KbcApp\wp-content\plugins\woocommerce\packages\action-scheduler\classes\ActionScheduler_QueueRunner.php(132): ActionScheduler_QueueRunner->do_batch(25, 'Async Request')
#6 C:\xampp\htdocs\KbcApp\wp-includes\class-wp-hook.php(292): ActionScheduler_QueueRunner->run('Async Request')
#7 C:\xampp\htdocs\KbcApp\wp-includes\class-wp-hook.php(316): WP_Hook->apply_filters('', Array)
#8 C:\xampp\htdocs\KbcApp\wp-includes\plugin.php(484): WP_Hook->do_action(Array)
#9 C:\xampp\htdocs\KbcApp\wp-content\plugins\woocommerce\packages\action-scheduler\classes\ActionScheduler_AsyncRequest_QueueRunner.php(52): do_action('action_schedule...', 'Async Request')
#10 C:\xampp\htdocs\KbcApp\wp-content\plugins\woocommerce\includes\libraries\wp-async-request.php(147): ActionScheduler_AsyncRequest_QueueRunner->handle()
#11 C:\xampp\htdocs\KbcApp\wp-includes\class-wp-hook.php(292): WP_Async_Request->maybe_handle('')
#12 C:\xampp\htdocs\KbcApp\wp-includes\class-wp-hook.php(316): WP_Hook->apply_filters('', Array)
#13 C:\xampp\htdocs\KbcApp\wp-includes\plugin.php(484): WP_Hook->do_action(Array)
#14 C:\xampp\htdocs\KbcApp\wp-admin\admin-ajax.php(187): do_action('wp_ajax_as_asyn...')
#15 {main}
  thrown dans C:\xampp\htdocs\KbcApp\wp-includes\class-wp-hook.php à la ligne 292

2021-06-04T00:34:37+00:00 CRITICAL Uncaught Error: Unknown named parameter $tasks_meta_id in C:\xampp\htdocs\KbcApp\wp-includes\class-wp-hook.php:292
Stack trace:
#0 C:\xampp\htdocs\KbcApp\wp-includes\class-wp-hook.php(316): WP_Hook->apply_filters('', Array)
#1 C:\xampp\htdocs\KbcApp\wp-includes\plugin.php(551): WP_Hook->do_action(Array)
#2 C:\xampp\htdocs\KbcApp\wp-content\plugins\woocommerce\packages\action-scheduler\classes\actions\ActionScheduler_Action.php(22): do_action_ref_array('wpforms_admin_n...', Array)
#3 C:\xampp\htdocs\KbcApp\wp-content\plugins\woocommerce\packages\action-scheduler\classes\abstracts\ActionScheduler_Abstract_QueueRunner.php(65): ActionScheduler_Action->execute()
#4 C:\xampp\htdocs\KbcApp\wp-content\plugins\woocommerce\packages\action-scheduler\classes\ActionScheduler_QueueRunner.php(162): ActionScheduler_Abstract_QueueRunner->process_action(507, 'Async Request')
#5 C:\xampp\htdocs\KbcApp\wp-content\plugins\woocommerce\packages\action-scheduler\classes\ActionScheduler_QueueRunner.php(132): ActionScheduler_QueueRunner->do_batch(25, 'Async Request')
#6 C:\xampp\htdocs\KbcApp\wp-includes\class-wp-hook.php(292): ActionScheduler_QueueRunner->run('Async Request')
#7 C:\xampp\htdocs\KbcApp\wp-includes\class-wp-hook.php(316): WP_Hook->apply_filters('', Array)
#8 C:\xampp\htdocs\KbcApp\wp-includes\plugin.php(484): WP_Hook->do_action(Array)
#9 C:\xampp\htdocs\KbcApp\wp-content\plugins\woocommerce\packages\action-scheduler\classes\ActionScheduler_AsyncRequest_QueueRunner.php(52): do_action('action_schedule...', 'Async Request')
#10 C:\xampp\htdocs\KbcApp\wp-content\plugins\woocommerce\includes\libraries\wp-async-request.php(147): ActionScheduler_AsyncRequest_QueueRunner->handle()
#11 C:\xampp\htdocs\KbcApp\wp-includes\class-wp-hook.php(292): WP_Async_Request->maybe_handle('')
#12 C:\xampp\htdocs\KbcApp\wp-includes\class-wp-hook.php(316): WP_Hook->apply_filters('', Array)
#13 C:\xampp\htdocs\KbcApp\wp-includes\plugin.php(484): WP_Hook->do_action(Array)
#14 C:\xampp\htdocs\KbcApp\wp-admin\admin-ajax.php(187): do_action('wp_ajax_as_asyn...')
#15 {main}
  thrown dans C:\xampp\htdocs\KbcApp\wp-includes\class-wp-hook.php à la ligne 292

2021-06-04T00:35:52+00:00 CRITICAL Uncaught Error: Unknown named parameter $tasks_meta_id in C:\xampp\htdocs\KbcApp\wp-includes\class-wp-hook.php:292
Stack trace:
#0 C:\xampp\htdocs\KbcApp\wp-includes\class-wp-hook.php(316): WP_Hook->apply_filters('', Array)
#1 C:\xampp\htdocs\KbcApp\wp-includes\plugin.php(551): WP_Hook->do_action(Array)
#2 C:\xampp\htdocs\KbcApp\wp-content\plugins\woocommerce\packages\action-scheduler\classes\actions\ActionScheduler_Action.php(22): do_action_ref_array('wpforms_admin_n...', Array)
#3 C:\xampp\htdocs\KbcApp\wp-content\plugins\woocommerce\packages\action-scheduler\classes\abstracts\ActionScheduler_Abstract_QueueRunner.php(65): ActionScheduler_Action->execute()
#4 C:\xampp\htdocs\KbcApp\wp-content\plugins\woocommerce\packages\action-scheduler\classes\ActionScheduler_QueueRunner.php(162): ActionScheduler_Abstract_QueueRunner->process_action(508, 'WP Cron')
#5 C:\xampp\htdocs\KbcApp\wp-content\plugins\woocommerce\packages\action-scheduler\classes\ActionScheduler_QueueRunner.php(132): ActionScheduler_QueueRunner->do_batch(25, 'WP Cron')
#6 C:\xampp\htdocs\KbcApp\wp-includes\class-wp-hook.php(292): ActionScheduler_QueueRunner->run('WP Cron')
#7 C:\xampp\htdocs\KbcApp\wp-includes\class-wp-hook.php(316): WP_Hook->apply_filters('', Array)
#8 C:\xampp\htdocs\KbcApp\wp-includes\plugin.php(551): WP_Hook->do_action(Array)
#9 C:\xampp\htdocs\KbcApp\wp-cron.php(138): do_action_ref_array('action_schedule...', Array)
#10 {main}
  thrown in C:\xampp\htdocs\KbcApp\wp-includes\class-wp-hook.php on line 292

2021-06-04T00:35:57+00:00 CRITICAL Uncaught Error: Unknown named parameter $tasks_meta_id in C:\xampp\htdocs\KbcApp\wp-includes\class-wp-hook.php:292
Stack trace:
#0 C:\xampp\htdocs\KbcApp\wp-includes\class-wp-hook.php(316): WP_Hook->apply_filters('', Array)
#1 C:\xampp\htdocs\KbcApp\wp-includes\plugin.php(551): WP_Hook->do_action(Array)
#2 C:\xampp\htdocs\KbcApp\wp-content\plugins\woocommerce\packages\action-scheduler\classes\actions\ActionScheduler_Action.php(22): do_action_ref_array('wpforms_admin_n...', Array)
#3 C:\xampp\htdocs\KbcApp\wp-content\plugins\woocommerce\packages\action-scheduler\classes\abstracts\ActionScheduler_Abstract_QueueRunner.php(65): ActionScheduler_Action->execute()
#4 C:\xampp\htdocs\KbcApp\wp-content\plugins\woocommerce\packages\action-scheduler\classes\ActionScheduler_QueueRunner.php(162): ActionScheduler_Abstract_QueueRunner->process_action(509, 'Async Request')
#5 C:\xampp\htdocs\KbcApp\wp-content\plugins\woocommerce\packages\action-scheduler\classes\ActionScheduler_QueueRunner.php(132): ActionScheduler_QueueRunner->do_batch(25, 'Async Request')
#6 C:\xampp\htdocs\KbcApp\wp-includes\class-wp-hook.php(292): ActionScheduler_QueueRunner->run('Async Request')
#7 C:\xampp\htdocs\KbcApp\wp-includes\class-wp-hook.php(316): WP_Hook->apply_filters('', Array)
#8 C:\xampp\htdocs\KbcApp\wp-includes\plugin.php(484): WP_Hook->do_action(Array)
#9 C:\xampp\htdocs\KbcApp\wp-content\plugins\woocommerce\packages\action-scheduler\classes\ActionScheduler_AsyncRequest_QueueRunner.php(52): do_action('action_schedule...', 'Async Request')
#10 C:\xampp\htdocs\KbcApp\wp-content\plugins\woocommerce\includes\libraries\wp-async-request.php(147): ActionScheduler_AsyncRequest_QueueRunner->handle()
#11 C:\xampp\htdocs\KbcApp\wp-includes\class-wp-hook.php(292): WP_Async_Request->maybe_handle('')
#12 C:\xampp\htdocs\KbcApp\wp-includes\class-wp-hook.php(316): WP_Hook->apply_filters('', Array)
#13 C:\xampp\htdocs\KbcApp\wp-includes\plugin.php(484): WP_Hook->do_action(Array)
#14 C:\xampp\htdocs\KbcApp\wp-admin\admin-ajax.php(187): do_action('wp_ajax_as_asyn...')
#15 {main}
  thrown dans C:\xampp\htdocs\KbcApp\wp-includes\class-wp-hook.php à la ligne 292

2021-06-04T00:36:06+00:00 CRITICAL Uncaught Error: Unknown named parameter $tasks_meta_id in C:\xampp\htdocs\KbcApp\wp-includes\class-wp-hook.php:292
Stack trace:
#0 C:\xampp\htdocs\KbcApp\wp-includes\class-wp-hook.php(316): WP_Hook->apply_filters('', Array)
#1 C:\xampp\htdocs\KbcApp\wp-includes\plugin.php(551): WP_Hook->do_action(Array)
#2 C:\xampp\htdocs\KbcApp\wp-content\plugins\woocommerce\packages\action-scheduler\classes\actions\ActionScheduler_Action.php(22): do_action_ref_array('wpforms_admin_n...', Array)
#3 C:\xampp\htdocs\KbcApp\wp-content\plugins\woocommerce\packages\action-scheduler\classes\abstracts\ActionScheduler_Abstract_QueueRunner.php(65): ActionScheduler_Action->execute()
#4 C:\xampp\htdocs\KbcApp\wp-content\plugins\woocommerce\packages\action-scheduler\classes\ActionScheduler_QueueRunner.php(162): ActionScheduler_Abstract_QueueRunner->process_action(510, 'Async Request')
#5 C:\xampp\htdocs\KbcApp\wp-content\plugins\woocommerce\packages\action-scheduler\classes\ActionScheduler_QueueRunner.php(132): ActionScheduler_QueueRunner->do_batch(25, 'Async Request')
#6 C:\xampp\htdocs\KbcApp\wp-includes\class-wp-hook.php(292): ActionScheduler_QueueRunner->run('Async Request')
#7 C:\xampp\htdocs\KbcApp\wp-includes\class-wp-hook.php(316): WP_Hook->apply_filters('', Array)
#8 C:\xampp\htdocs\KbcApp\wp-includes\plugin.php(484): WP_Hook->do_action(Array)
#9 C:\xampp\htdocs\KbcApp\wp-content\plugins\woocommerce\packages\action-scheduler\classes\ActionScheduler_AsyncRequest_QueueRunner.php(52): do_action('action_schedule...', 'Async Request')
#10 C:\xampp\htdocs\KbcApp\wp-content\plugins\woocommerce\includes\libraries\wp-async-request.php(147): ActionScheduler_AsyncRequest_QueueRunner->handle()
#11 C:\xampp\htdocs\KbcApp\wp-includes\class-wp-hook.php(292): WP_Async_Request->maybe_handle('')
#12 C:\xampp\htdocs\KbcApp\wp-includes\class-wp-hook.php(316): WP_Hook->apply_filters('', Array)
#13 C:\xampp\htdocs\KbcApp\wp-includes\plugin.php(484): WP_Hook->do_action(Array)
#14 C:\xampp\htdocs\KbcApp\wp-admin\admin-ajax.php(187): do_action('wp_ajax_as_asyn...')
#15 {main}
  thrown dans C:\xampp\htdocs\KbcApp\wp-includes\class-wp-hook.php à la ligne 292

2021-06-04T00:36:56+00:00 CRITICAL Uncaught Error: Unknown named parameter $tasks_meta_id in C:\xampp\htdocs\KbcApp\wp-includes\class-wp-hook.php:292
Stack trace:
#0 C:\xampp\htdocs\KbcApp\wp-includes\class-wp-hook.php(316): WP_Hook->apply_filters('', Array)
#1 C:\xampp\htdocs\KbcApp\wp-includes\plugin.php(551): WP_Hook->do_action(Array)
#2 C:\xampp\htdocs\KbcApp\wp-content\plugins\woocommerce\packages\action-scheduler\classes\actions\ActionScheduler_Action.php(22): do_action_ref_array('wpforms_admin_n...', Array)
#3 C:\xampp\htdocs\KbcApp\wp-content\plugins\woocommerce\packages\action-scheduler\classes\abstracts\ActionScheduler_Abstract_QueueRunner.php(65): ActionScheduler_Action->execute()
#4 C:\xampp\htdocs\KbcApp\wp-content\plugins\woocommerce\packages\action-scheduler\classes\ActionScheduler_QueueRunner.php(162): ActionScheduler_Abstract_QueueRunner->process_action(511, 'WP Cron')
#5 C:\xampp\htdocs\KbcApp\wp-content\plugins\woocommerce\packages\action-scheduler\classes\ActionScheduler_QueueRunner.php(132): ActionScheduler_QueueRunner->do_batch(25, 'WP Cron')
#6 C:\xampp\htdocs\KbcApp\wp-includes\class-wp-hook.php(292): ActionScheduler_QueueRunner->run('WP Cron')
#7 C:\xampp\htdocs\KbcApp\wp-includes\class-wp-hook.php(316): WP_Hook->apply_filters('', Array)
#8 C:\xampp\htdocs\KbcApp\wp-includes\plugin.php(551): WP_Hook->do_action(Array)
#9 C:\xampp\htdocs\KbcApp\wp-cron.php(138): do_action_ref_array('action_schedule...', Array)
#10 {main}
  thrown in C:\xampp\htdocs\KbcApp\wp-includes\class-wp-hook.php on line 292

2021-06-04T00:38:03+00:00 CRITICAL Uncaught Error: Unknown named parameter $tasks_meta_id in C:\xampp\htdocs\KbcApp\wp-includes\class-wp-hook.php:292
Stack trace:
#0 C:\xampp\htdocs\KbcApp\wp-includes\class-wp-hook.php(316): WP_Hook->apply_filters('', Array)
#1 C:\xampp\htdocs\KbcApp\wp-includes\plugin.php(551): WP_Hook->do_action(Array)
#2 C:\xampp\htdocs\KbcApp\wp-content\plugins\woocommerce\packages\action-scheduler\classes\actions\ActionScheduler_Action.php(22): do_action_ref_array('wpforms_admin_n...', Array)
#3 C:\xampp\htdocs\KbcApp\wp-content\plugins\woocommerce\packages\action-scheduler\classes\abstracts\ActionScheduler_Abstract_QueueRunner.php(65): ActionScheduler_Action->execute()
#4 C:\xampp\htdocs\KbcApp\wp-content\plugins\woocommerce\packages\action-scheduler\classes\ActionScheduler_QueueRunner.php(162): ActionScheduler_Abstract_QueueRunner->process_action(512, 'WP Cron')
#5 C:\xampp\htdocs\KbcApp\wp-content\plugins\woocommerce\packages\action-scheduler\classes\ActionScheduler_QueueRunner.php(132): ActionScheduler_QueueRunner->do_batch(25, 'WP Cron')
#6 C:\xampp\htdocs\KbcApp\wp-includes\class-wp-hook.php(292): ActionScheduler_QueueRunner->run('WP Cron')
#7 C:\xampp\htdocs\KbcApp\wp-includes\class-wp-hook.php(316): WP_Hook->apply_filters('', Array)
#8 C:\xampp\htdocs\KbcApp\wp-includes\plugin.php(551): WP_Hook->do_action(Array)
#9 C:\xampp\htdocs\KbcApp\wp-cron.php(138): do_action_ref_array('action_schedule...', Array)
#10 {main}
  thrown in C:\xampp\htdocs\KbcApp\wp-includes\class-wp-hook.php on line 292

2021-06-04T00:41:52+00:00 CRITICAL Uncaught Error: Unknown named parameter $tasks_meta_id in C:\xampp\htdocs\KbcApp\wp-includes\class-wp-hook.php:292
Stack trace:
#0 C:\xampp\htdocs\KbcApp\wp-includes\class-wp-hook.php(316): WP_Hook->apply_filters('', Array)
#1 C:\xampp\htdocs\KbcApp\wp-includes\plugin.php(551): WP_Hook->do_action(Array)
#2 C:\xampp\htdocs\KbcApp\wp-content\plugins\woocommerce\packages\action-scheduler\classes\actions\ActionScheduler_Action.php(22): do_action_ref_array('wpforms_admin_n...', Array)
#3 C:\xampp\htdocs\KbcApp\wp-content\plugins\woocommerce\packages\action-scheduler\classes\abstracts\ActionScheduler_Abstract_QueueRunner.php(65): ActionScheduler_Action->execute()
#4 C:\xampp\htdocs\KbcApp\wp-content\plugins\woocommerce\packages\action-scheduler\classes\ActionScheduler_QueueRunner.php(162): ActionScheduler_Abstract_QueueRunner->process_action(513, 'WP Cron')
#5 C:\xampp\htdocs\KbcApp\wp-content\plugins\woocommerce\packages\action-scheduler\classes\ActionScheduler_QueueRunner.php(132): ActionScheduler_QueueRunner->do_batch(25, 'WP Cron')
#6 C:\xampp\htdocs\KbcApp\wp-includes\class-wp-hook.php(292): ActionScheduler_QueueRunner->run('WP Cron')
#7 C:\xampp\htdocs\KbcApp\wp-includes\class-wp-hook.php(316): WP_Hook->apply_filters('', Array)
#8 C:\xampp\htdocs\KbcApp\wp-includes\plugin.php(551): WP_Hook->do_action(Array)
#9 C:\xampp\htdocs\KbcApp\wp-cron.php(138): do_action_ref_array('action_schedule...', Array)
#10 {main}
  thrown in C:\xampp\htdocs\KbcApp\wp-includes\class-wp-hook.php on line 292

2021-06-04T00:42:30+00:00 CRITICAL Uncaught Error: Unknown named parameter $tasks_meta_id in C:\xampp\htdocs\KbcApp\wp-includes\class-wp-hook.php:292
Stack trace:
#0 C:\xampp\htdocs\KbcApp\wp-includes\class-wp-hook.php(316): WP_Hook->apply_filters('', Array)
#1 C:\xampp\htdocs\KbcApp\wp-includes\plugin.php(551): WP_Hook->do_action(Array)
#2 C:\xampp\htdocs\KbcApp\wp-content\plugins\woocommerce\packages\action-scheduler\classes\actions\ActionScheduler_Action.php(22): do_action_ref_array('wpforms_admin_n...', Array)
#3 C:\xampp\htdocs\KbcApp\wp-content\plugins\woocommerce\packages\action-scheduler\classes\abstracts\ActionScheduler_Abstract_QueueRunner.php(65): ActionScheduler_Action->execute()
#4 C:\xampp\htdocs\KbcApp\wp-content\plugins\woocommerce\packages\action-scheduler\classes\ActionScheduler_QueueRunner.php(162): ActionScheduler_Abstract_QueueRunner->process_action(514, 'Async Request')
#5 C:\xampp\htdocs\KbcApp\wp-content\plugins\woocommerce\packages\action-scheduler\classes\ActionScheduler_QueueRunner.php(132): ActionScheduler_QueueRunner->do_batch(25, 'Async Request')
#6 C:\xampp\htdocs\KbcApp\wp-includes\class-wp-hook.php(292): ActionScheduler_QueueRunner->run('Async Request')
#7 C:\xampp\htdocs\KbcApp\wp-includes\class-wp-hook.php(316): WP_Hook->apply_filters('', Array)
#8 C:\xampp\htdocs\KbcApp\wp-includes\plugin.php(484): WP_Hook->do_action(Array)
#9 C:\xampp\htdocs\KbcApp\wp-content\plugins\woocommerce\packages\action-scheduler\classes\ActionScheduler_AsyncRequest_QueueRunner.php(52): do_action('action_schedule...', 'Async Request')
#10 C:\xampp\htdocs\KbcApp\wp-content\plugins\woocommerce\includes\libraries\wp-async-request.php(147): ActionScheduler_AsyncRequest_QueueRunner->handle()
#11 C:\xampp\htdocs\KbcApp\wp-includes\class-wp-hook.php(292): WP_Async_Request->maybe_handle('')
#12 C:\xampp\htdocs\KbcApp\wp-includes\class-wp-hook.php(316): WP_Hook->apply_filters('', Array)
#13 C:\xampp\htdocs\KbcApp\wp-includes\plugin.php(484): WP_Hook->do_action(Array)
#14 C:\xampp\htdocs\KbcApp\wp-admin\admin-ajax.php(187): do_action('wp_ajax_as_asyn...')
#15 {main}
  thrown in C:\xampp\htdocs\KbcApp\wp-includes\class-wp-hook.php in Zeile 292

2021-06-04T00:42:53+00:00 CRITICAL Uncaught Error: Unknown named parameter $tasks_meta_id in C:\xampp\htdocs\KbcApp\wp-includes\class-wp-hook.php:292
Stack trace:
#0 C:\xampp\htdocs\KbcApp\wp-includes\class-wp-hook.php(316): WP_Hook->apply_filters('', Array)
#1 C:\xampp\htdocs\KbcApp\wp-includes\plugin.php(551): WP_Hook->do_action(Array)
#2 C:\xampp\htdocs\KbcApp\wp-content\plugins\woocommerce\packages\action-scheduler\classes\actions\ActionScheduler_Action.php(22): do_action_ref_array('wpforms_admin_n...', Array)
#3 C:\xampp\htdocs\KbcApp\wp-content\plugins\woocommerce\packages\action-scheduler\classes\abstracts\ActionScheduler_Abstract_QueueRunner.php(65): ActionScheduler_Action->execute()
#4 C:\xampp\htdocs\KbcApp\wp-content\plugins\woocommerce\packages\action-scheduler\classes\ActionScheduler_QueueRunner.php(162): ActionScheduler_Abstract_QueueRunner->process_action(515, 'WP Cron')
#5 C:\xampp\htdocs\KbcApp\wp-content\plugins\woocommerce\packages\action-scheduler\classes\ActionScheduler_QueueRunner.php(132): ActionScheduler_QueueRunner->do_batch(25, 'WP Cron')
#6 C:\xampp\htdocs\KbcApp\wp-includes\class-wp-hook.php(292): ActionScheduler_QueueRunner->run('WP Cron')
#7 C:\xampp\htdocs\KbcApp\wp-includes\class-wp-hook.php(316): WP_Hook->apply_filters('', Array)
#8 C:\xampp\htdocs\KbcApp\wp-includes\plugin.php(551): WP_Hook->do_action(Array)
#9 C:\xampp\htdocs\KbcApp\wp-cron.php(138): do_action_ref_array('action_schedule...', Array)
#10 {main}
  thrown in C:\xampp\htdocs\KbcApp\wp-includes\class-wp-hook.php on line 292

2021-06-04T00:43:53+00:00 CRITICAL Uncaught Error: Unknown named parameter $tasks_meta_id in C:\xampp\htdocs\KbcApp\wp-includes\class-wp-hook.php:292
Stack trace:
#0 C:\xampp\htdocs\KbcApp\wp-includes\class-wp-hook.php(316): WP_Hook->apply_filters('', Array)
#1 C:\xampp\htdocs\KbcApp\wp-includes\plugin.php(551): WP_Hook->do_action(Array)
#2 C:\xampp\htdocs\KbcApp\wp-content\plugins\woocommerce\packages\action-scheduler\classes\actions\ActionScheduler_Action.php(22): do_action_ref_array('wpforms_admin_n...', Array)
#3 C:\xampp\htdocs\KbcApp\wp-content\plugins\woocommerce\packages\action-scheduler\classes\abstracts\ActionScheduler_Abstract_QueueRunner.php(65): ActionScheduler_Action->execute()
#4 C:\xampp\htdocs\KbcApp\wp-content\plugins\woocommerce\packages\action-scheduler\classes\ActionScheduler_QueueRunner.php(162): ActionScheduler_Abstract_QueueRunner->process_action(516, 'WP Cron')
#5 C:\xampp\htdocs\KbcApp\wp-content\plugins\woocommerce\packages\action-scheduler\classes\ActionScheduler_QueueRunner.php(132): ActionScheduler_QueueRunner->do_batch(25, 'WP Cron')
#6 C:\xampp\htdocs\KbcApp\wp-includes\class-wp-hook.php(292): ActionScheduler_QueueRunner->run('WP Cron')
#7 C:\xampp\htdocs\KbcApp\wp-includes\class-wp-hook.php(316): WP_Hook->apply_filters('', Array)
#8 C:\xampp\htdocs\KbcApp\wp-includes\plugin.php(551): WP_Hook->do_action(Array)
#9 C:\xampp\htdocs\KbcApp\wp-cron.php(138): do_action_ref_array('action_schedule...', Array)
#10 {main}
  thrown in C:\xampp\htdocs\KbcApp\wp-includes\class-wp-hook.php on line 292

2021-06-04T00:44:51+00:00 CRITICAL Uncaught Error: Unknown named parameter $tasks_meta_id in C:\xampp\htdocs\KbcApp\wp-includes\class-wp-hook.php:292
Stack trace:
#0 C:\xampp\htdocs\KbcApp\wp-includes\class-wp-hook.php(316): WP_Hook->apply_filters('', Array)
#1 C:\xampp\htdocs\KbcApp\wp-includes\plugin.php(551): WP_Hook->do_action(Array)
#2 C:\xampp\htdocs\KbcApp\wp-content\plugins\woocommerce\packages\action-scheduler\classes\actions\ActionScheduler_Action.php(22): do_action_ref_array('wpforms_admin_n...', Array)
#3 C:\xampp\htdocs\KbcApp\wp-content\plugins\woocommerce\packages\action-scheduler\classes\abstracts\ActionScheduler_Abstract_QueueRunner.php(65): ActionScheduler_Action->execute()
#4 C:\xampp\htdocs\KbcApp\wp-content\plugins\woocommerce\packages\action-scheduler\classes\ActionScheduler_QueueRunner.php(162): ActionScheduler_Abstract_QueueRunner->process_action(517, 'Async Request')
#5 C:\xampp\htdocs\KbcApp\wp-content\plugins\woocommerce\packages\action-scheduler\classes\ActionScheduler_QueueRunner.php(132): ActionScheduler_QueueRunner->do_batch(25, 'Async Request')
#6 C:\xampp\htdocs\KbcApp\wp-includes\class-wp-hook.php(292): ActionScheduler_QueueRunner->run('Async Request')
#7 C:\xampp\htdocs\KbcApp\wp-includes\class-wp-hook.php(316): WP_Hook->apply_filters('', Array)
#8 C:\xampp\htdocs\KbcApp\wp-includes\plugin.php(484): WP_Hook->do_action(Array)
#9 C:\xampp\htdocs\KbcApp\wp-content\plugins\woocommerce\packages\action-scheduler\classes\ActionScheduler_AsyncRequest_QueueRunner.php(52): do_action('action_schedule...', 'Async Request')
#10 C:\xampp\htdocs\KbcApp\wp-content\plugins\woocommerce\includes\libraries\wp-async-request.php(147): ActionScheduler_AsyncRequest_QueueRunner->handle()
#11 C:\xampp\htdocs\KbcApp\wp-includes\class-wp-hook.php(292): WP_Async_Request->maybe_handle('')
#12 C:\xampp\htdocs\KbcApp\wp-includes\class-wp-hook.php(316): WP_Hook->apply_filters('', Array)
#13 C:\xampp\htdocs\KbcApp\wp-includes\plugin.php(484): WP_Hook->do_action(Array)
#14 C:\xampp\htdocs\KbcApp\wp-admin\admin-ajax.php(187): do_action('wp_ajax_as_asyn...')
#15 {main}
  thrown in C:\xampp\htdocs\KbcApp\wp-includes\class-wp-hook.php in Zeile 292

2021-06-04T00:45:52+00:00 CRITICAL Uncaught Error: Unknown named parameter $tasks_meta_id in C:\xampp\htdocs\KbcApp\wp-includes\class-wp-hook.php:292
Stack trace:
#0 C:\xampp\htdocs\KbcApp\wp-includes\class-wp-hook.php(316): WP_Hook->apply_filters('', Array)
#1 C:\xampp\htdocs\KbcApp\wp-includes\plugin.php(551): WP_Hook->do_action(Array)
#2 C:\xampp\htdocs\KbcApp\wp-content\plugins\woocommerce\packages\action-scheduler\classes\actions\ActionScheduler_Action.php(22): do_action_ref_array('wpforms_admin_n...', Array)
#3 C:\xampp\htdocs\KbcApp\wp-content\plugins\woocommerce\packages\action-scheduler\classes\abstracts\ActionScheduler_Abstract_QueueRunner.php(65): ActionScheduler_Action->execute()
#4 C:\xampp\htdocs\KbcApp\wp-content\plugins\woocommerce\packages\action-scheduler\classes\ActionScheduler_QueueRunner.php(162): ActionScheduler_Abstract_QueueRunner->process_action(518, 'WP Cron')
#5 C:\xampp\htdocs\KbcApp\wp-content\plugins\woocommerce\packages\action-scheduler\classes\ActionScheduler_QueueRunner.php(132): ActionScheduler_QueueRunner->do_batch(25, 'WP Cron')
#6 C:\xampp\htdocs\KbcApp\wp-includes\class-wp-hook.php(292): ActionScheduler_QueueRunner->run('WP Cron')
#7 C:\xampp\htdocs\KbcApp\wp-includes\class-wp-hook.php(316): WP_Hook->apply_filters('', Array)
#8 C:\xampp\htdocs\KbcApp\wp-includes\plugin.php(551): WP_Hook->do_action(Array)
#9 C:\xampp\htdocs\KbcApp\wp-cron.php(138): do_action_ref_array('action_schedule...', Array)
#10 {main}
  thrown in C:\xampp\htdocs\KbcApp\wp-includes\class-wp-hook.php on line 292

2021-06-04T00:46:03+00:00 CRITICAL Uncaught Error: Unknown named parameter $tasks_meta_id in C:\xampp\htdocs\KbcApp\wp-includes\class-wp-hook.php:292
Stack trace:
#0 C:\xampp\htdocs\KbcApp\wp-includes\class-wp-hook.php(316): WP_Hook->apply_filters('', Array)
#1 C:\xampp\htdocs\KbcApp\wp-includes\plugin.php(551): WP_Hook->do_action(Array)
#2 C:\xampp\htdocs\KbcApp\wp-content\plugins\woocommerce\packages\action-scheduler\classes\actions\ActionScheduler_Action.php(22): do_action_ref_array('wpforms_admin_n...', Array)
#3 C:\xampp\htdocs\KbcApp\wp-content\plugins\woocommerce\packages\action-scheduler\classes\abstracts\ActionScheduler_Abstract_QueueRunner.php(65): ActionScheduler_Action->execute()
#4 C:\xampp\htdocs\KbcApp\wp-content\plugins\woocommerce\packages\action-scheduler\classes\ActionScheduler_QueueRunner.php(162): ActionScheduler_Abstract_QueueRunner->process_action(519, 'Async Request')
#5 C:\xampp\htdocs\KbcApp\wp-content\plugins\woocommerce\packages\action-scheduler\classes\ActionScheduler_QueueRunner.php(132): ActionScheduler_QueueRunner->do_batch(25, 'Async Request')
#6 C:\xampp\htdocs\KbcApp\wp-includes\class-wp-hook.php(292): ActionScheduler_QueueRunner->run('Async Request')
#7 C:\xampp\htdocs\KbcApp\wp-includes\class-wp-hook.php(316): WP_Hook->apply_filters('', Array)
#8 C:\xampp\htdocs\KbcApp\wp-includes\plugin.php(484): WP_Hook->do_action(Array)
#9 C:\xampp\htdocs\KbcApp\wp-content\plugins\woocommerce\packages\action-scheduler\classes\ActionScheduler_AsyncRequest_QueueRunner.php(52): do_action('action_schedule...', 'Async Request')
#10 C:\xampp\htdocs\KbcApp\wp-content\plugins\woocommerce\includes\libraries\wp-async-request.php(147): ActionScheduler_AsyncRequest_QueueRunner->handle()
#11 C:\xampp\htdocs\KbcApp\wp-includes\class-wp-hook.php(292): WP_Async_Request->maybe_handle('')
#12 C:\xampp\htdocs\KbcApp\wp-includes\class-wp-hook.php(316): WP_Hook->apply_filters('', Array)
#13 C:\xampp\htdocs\KbcApp\wp-includes\plugin.php(484): WP_Hook->do_action(Array)
#14 C:\xampp\htdocs\KbcApp\wp-admin\admin-ajax.php(187): do_action('wp_ajax_as_asyn...')
#15 {main}
  thrown in C:\xampp\htdocs\KbcApp\wp-includes\class-wp-hook.php in Zeile 292

2021-06-04T00:46:53+00:00 CRITICAL Uncaught Error: Unknown named parameter $tasks_meta_id in C:\xampp\htdocs\KbcApp\wp-includes\class-wp-hook.php:292
Stack trace:
#0 C:\xampp\htdocs\KbcApp\wp-includes\class-wp-hook.php(316): WP_Hook->apply_filters('', Array)
#1 C:\xampp\htdocs\KbcApp\wp-includes\plugin.php(551): WP_Hook->do_action(Array)
#2 C:\xampp\htdocs\KbcApp\wp-content\plugins\woocommerce\packages\action-scheduler\classes\actions\ActionScheduler_Action.php(22): do_action_ref_array('wpforms_admin_n...', Array)
#3 C:\xampp\htdocs\KbcApp\wp-content\plugins\woocommerce\packages\action-scheduler\classes\abstracts\ActionScheduler_Abstract_QueueRunner.php(65): ActionScheduler_Action->execute()
#4 C:\xampp\htdocs\KbcApp\wp-content\plugins\woocommerce\packages\action-scheduler\classes\ActionScheduler_QueueRunner.php(162): ActionScheduler_Abstract_QueueRunner->process_action(520, 'WP Cron')
#5 C:\xampp\htdocs\KbcApp\wp-content\plugins\woocommerce\packages\action-scheduler\classes\ActionScheduler_QueueRunner.php(132): ActionScheduler_QueueRunner->do_batch(25, 'WP Cron')
#6 C:\xampp\htdocs\KbcApp\wp-includes\class-wp-hook.php(292): ActionScheduler_QueueRunner->run('WP Cron')
#7 C:\xampp\htdocs\KbcApp\wp-includes\class-wp-hook.php(316): WP_Hook->apply_filters('', Array)
#8 C:\xampp\htdocs\KbcApp\wp-includes\plugin.php(551): WP_Hook->do_action(Array)
#9 C:\xampp\htdocs\KbcApp\wp-cron.php(138): do_action_ref_array('action_schedule...', Array)
#10 {main}
  thrown in C:\xampp\htdocs\KbcApp\wp-includes\class-wp-hook.php on line 292

2021-06-04T00:48:22+00:00 CRITICAL Uncaught Error: Unknown named parameter $tasks_meta_id in C:\xampp\htdocs\KbcApp\wp-includes\class-wp-hook.php:292
Stack trace:
#0 C:\xampp\htdocs\KbcApp\wp-includes\class-wp-hook.php(316): WP_Hook->apply_filters('', Array)
#1 C:\xampp\htdocs\KbcApp\wp-includes\plugin.php(551): WP_Hook->do_action(Array)
#2 C:\xampp\htdocs\KbcApp\wp-content\plugins\woocommerce\packages\action-scheduler\classes\actions\ActionScheduler_Action.php(22): do_action_ref_array('wpforms_admin_n...', Array)
#3 C:\xampp\htdocs\KbcApp\wp-content\plugins\woocommerce\packages\action-scheduler\classes\abstracts\ActionScheduler_Abstract_QueueRunner.php(65): ActionScheduler_Action->execute()
#4 C:\xampp\htdocs\KbcApp\wp-content\plugins\woocommerce\packages\action-scheduler\classes\ActionScheduler_QueueRunner.php(162): ActionScheduler_Abstract_QueueRunner->process_action(521, 'WP Cron')
#5 C:\xampp\htdocs\KbcApp\wp-content\plugins\woocommerce\packages\action-scheduler\classes\ActionScheduler_QueueRunner.php(132): ActionScheduler_QueueRunner->do_batch(25, 'WP Cron')
#6 C:\xampp\htdocs\KbcApp\wp-includes\class-wp-hook.php(292): ActionScheduler_QueueRunner->run('WP Cron')
#7 C:\xampp\htdocs\KbcApp\wp-includes\class-wp-hook.php(316): WP_Hook->apply_filters('', Array)
#8 C:\xampp\htdocs\KbcApp\wp-includes\plugin.php(551): WP_Hook->do_action(Array)
#9 C:\xampp\htdocs\KbcApp\wp-cron.php(138): do_action_ref_array('action_schedule...', Array)
#10 {main}
  thrown in C:\xampp\htdocs\KbcApp\wp-includes\class-wp-hook.php on line 292

2021-06-04T00:52:36+00:00 CRITICAL Uncaught Error: Unknown named parameter $tasks_meta_id in C:\xampp\htdocs\KbcApp\wp-includes\class-wp-hook.php:292
Stack trace:
#0 C:\xampp\htdocs\KbcApp\wp-includes\class-wp-hook.php(316): WP_Hook->apply_filters('', Array)
#1 C:\xampp\htdocs\KbcApp\wp-includes\plugin.php(551): WP_Hook->do_action(Array)
#2 C:\xampp\htdocs\KbcApp\wp-content\plugins\woocommerce\packages\action-scheduler\classes\actions\ActionScheduler_Action.php(22): do_action_ref_array('wpforms_admin_n...', Array)
#3 C:\xampp\htdocs\KbcApp\wp-content\plugins\woocommerce\packages\action-scheduler\classes\abstracts\ActionScheduler_Abstract_QueueRunner.php(65): ActionScheduler_Action->execute()
#4 C:\xampp\htdocs\KbcApp\wp-content\plugins\woocommerce\packages\action-scheduler\classes\ActionScheduler_QueueRunner.php(162): ActionScheduler_Abstract_QueueRunner->process_action(522, 'Async Request')
#5 C:\xampp\htdocs\KbcApp\wp-content\plugins\woocommerce\packages\action-scheduler\classes\ActionScheduler_QueueRunner.php(132): ActionScheduler_QueueRunner->do_batch(25, 'Async Request')
#6 C:\xampp\htdocs\KbcApp\wp-includes\class-wp-hook.php(292): ActionScheduler_QueueRunner->run('Async Request')
#7 C:\xampp\htdocs\KbcApp\wp-includes\class-wp-hook.php(316): WP_Hook->apply_filters('', Array)
#8 C:\xampp\htdocs\KbcApp\wp-includes\plugin.php(484): WP_Hook->do_action(Array)
#9 C:\xampp\htdocs\KbcApp\wp-content\plugins\woocommerce\packages\action-scheduler\classes\ActionScheduler_AsyncRequest_QueueRunner.php(52): do_action('action_schedule...', 'Async Request')
#10 C:\xampp\htdocs\KbcApp\wp-content\plugins\woocommerce\includes\libraries\wp-async-request.php(147): ActionScheduler_AsyncRequest_QueueRunner->handle()
#11 C:\xampp\htdocs\KbcApp\wp-includes\class-wp-hook.php(292): WP_Async_Request->maybe_handle('')
#12 C:\xampp\htdocs\KbcApp\wp-includes\class-wp-hook.php(316): WP_Hook->apply_filters('', Array)
#13 C:\xampp\htdocs\KbcApp\wp-includes\plugin.php(484): WP_Hook->do_action(Array)
#14 C:\xampp\htdocs\KbcApp\wp-admin\admin-ajax.php(187): do_action('wp_ajax_as_asyn...')
#15 {main}
  thrown in C:\xampp\htdocs\KbcApp\wp-includes\class-wp-hook.php on line 292

